TN:
SF:src\components\AddToCartSection.tsx
FN:8,AddToCartSection
FN:12,(anonymous_1)
FN:16,(anonymous_2)
FN:55,(anonymous_3)
FN:62,(anonymous_4)
FNF:5
FNH:5
FNDA:2,AddToCartSection
FNDA:1,(anonymous_1)
FNDA:1,(anonymous_2)
FNDA:1,(anonymous_3)
FNDA:1,(anonymous_4)
DA:9,2
DA:10,2
DA:12,2
DA:13,1
DA:16,2
DA:17,1
DA:18,0
DA:23,0
DA:26,1
DA:38,1
DA:39,1
DA:40,1
DA:42,0
DA:50,2
DA:56,1
DA:62,1
LF:16
LH:13
BRDA:17,0,0,0
BRDA:17,0,1,1
BRDA:17,1,0,1
BRDA:17,1,1,0
BRDA:29,2,0,1
BRDA:29,2,1,0
BRDA:56,3,0,1
BRDA:56,3,1,0
BRDA:56,3,2,0
BRF:9
BRH:4
end_of_record
TN:
SF:src\components\CatalogSection.tsx
FN:6,CatalogSection
FN:8,(anonymous_1)
FN:17,(anonymous_2)
FNF:3
FNH:3
FNDA:4,CatalogSection
FNDA:2,(anonymous_1)
FNDA:1,(anonymous_2)
DA:7,4
DA:8,4
DA:9,2
DA:12,4
DA:18,1
LF:5
LH:5
BRDA:18,0,0,1
BRDA:18,0,1,0
BRDA:18,0,2,0
BRF:3
BRH:1
end_of_record
TN:
SF:src\components\FilterSection.tsx
FN:7,FilterSection
FN:10,(anonymous_1)
FN:13,(anonymous_2)
FN:23,(anonymous_3)
FN:26,(anonymous_4)
FNF:5
FNH:2
FNDA:2,FilterSection
FNDA:1,(anonymous_1)
FNDA:0,(anonymous_2)
FNDA:0,(anonymous_3)
FNDA:0,(anonymous_4)
DA:8,2
DA:9,2
DA:10,2
DA:11,1
DA:13,2
DA:15,2
DA:23,0
DA:27,0
LF:8
LH:6
BRDA:27,0,0,0
BRDA:27,0,1,0
BRDA:27,0,2,0
BRF:3
BRH:0
end_of_record
TN:
SF:src\components\Layout.tsx
FN:12,Layout
FN:18,(anonymous_1)
FN:19,(anonymous_2)
FN:26,(anonymous_3)
FN:27,(anonymous_4)
FN:28,(anonymous_5)
FN:34,(anonymous_6)
FN:42,(anonymous_7)
FN:43,(anonymous_8)
FN:51,(anonymous_9)
FN:57,(anonymous_10)
FN:60,(anonymous_11)
FN:62,(anonymous_12)
FNF:13
FNH:8
FNDA:2,Layout
FNDA:1,(anonymous_1)
FNDA:1,(anonymous_2)
FNDA:0,(anonymous_3)
FNDA:0,(anonymous_4)
FNDA:0,(anonymous_5)
FNDA:1,(anonymous_6)
FNDA:1,(anonymous_7)
FNDA:1,(anonymous_8)
FNDA:0,(anonymous_9)
FNDA:1,(anonymous_10)
FNDA:4,(anonymous_11)
FNDA:0,(anonymous_12)
DA:13,2
DA:14,2
DA:15,2
DA:16,2
DA:18,2
DA:19,1
DA:20,1
DA:23,1
DA:24,1
DA:26,1
DA:27,1
DA:28,1
DA:30,1
DA:31,1
DA:32,1
DA:34,1
DA:35,1
DA:36,1
DA:37,1
DA:38,1
DA:42,2
DA:43,1
DA:44,1
DA:45,1
DA:46,1
DA:49,1
DA:51,1
DA:52,0
DA:55,1
DA:57,1
DA:60,4
DA:62,2
DA:63,0
DA:64,0
DA:65,0
DA:66,0
DA:68,0
DA:72,2
LF:38
LH:32
BRDA:52,0,0,0
BRDA:52,0,1,0
BRDA:87,1,0,2
BRDA:87,1,1,0
BRDA:96,2,0,0
BRDA:96,2,1,2
BRDA:107,3,0,2
BRDA:107,3,1,0
BRDA:114,4,0,2
BRDA:114,4,1,1
BRDA:115,5,0,0
BRDA:115,5,1,1
BRDA:118,6,0,0
BRDA:118,6,1,0
BRF:14
BRH:6
end_of_record
TN:
SF:src\components\ProtectedRoute.tsx
FN:3,ProtectedRoute
FNF:1
FNH:1
FNDA:1,ProtectedRoute
DA:4,1
DA:6,1
DA:7,1
DA:9,1
LF:4
LH:4
BRDA:4,0,0,1
BRDA:4,0,1,0
BRDA:6,1,0,0
BRDA:6,1,1,1
BRDA:7,2,0,0
BRDA:7,2,1,1
BRDA:7,3,0,1
BRDA:7,3,1,0
BRF:8
BRH:4
end_of_record
TN:
SF:src\components\ui\input.tsx
FN:5,(anonymous_0)
FNF:1
FNH:1
FNDA:103,(anonymous_0)
DA:5,2
DA:7,103
DA:20,2
LF:3
LH:3
BRF:0
BRH:0
end_of_record
TN:
SF:src\components\ui\label.tsx
FN:11,(anonymous_0)
FNF:1
FNH:1
FNDA:102,(anonymous_0)
DA:7,1
DA:11,1
DA:16,102
DA:22,1
LF:4
LH:4
BRF:0
BRH:0
end_of_record
TN:
SF:src\hooks\use-toast.ts
FN:27,genId
FN:58,(anonymous_1)
FN:63,(anonymous_2)
FN:74,(anonymous_3)
FN:85,(anonymous_4)
FN:98,(anonymous_5)
FN:105,(anonymous_6)
FN:124,(anonymous_7)
FN:133,dispatch
FN:135,(anonymous_9)
FN:142,toast
FN:145,(anonymous_11)
FN:150,(anonymous_12)
FN:158,(anonymous_13)
FN:171,useToast
FN:174,(anonymous_15)
FN:176,(anonymous_16)
FN:187,(anonymous_17)
FNF:18
FNH:15
FNDA:3,genId
FNDA:4,(anonymous_1)
FNDA:0,(anonymous_2)
FNDA:11,(anonymous_3)
FNDA:2,(anonymous_4)
FNDA:2,(anonymous_5)
FNDA:5,(anonymous_6)
FNDA:2,(anonymous_7)
FNDA:5,dispatch
FNDA:4,(anonymous_9)
FNDA:3,toast
FNDA:1,(anonymous_11)
FNDA:1,(anonymous_12)
FNDA:0,(anonymous_13)
FNDA:7,useToast
FNDA:6,(anonymous_15)
FNDA:6,(anonymous_16)
FNDA:0,(anonymous_17)
DA:8,2
DA:9,2
DA:18,2
DA:25,2
DA:28,3
DA:29,3
DA:56,2
DA:58,2
DA:59,4
DA:60,1
DA:63,3
DA:64,0
DA:65,0
DA:71,3
DA:74,2
DA:75,11
DA:77,4
DA:83,2
DA:86,2
DA:91,3
DA:95,3
DA:96,2
DA:98,1
DA:99,2
DA:103,3
DA:106,5
DA:116,2
DA:117,1
DA:122,1
DA:124,2
DA:129,2
DA:131,2
DA:134,5
DA:135,5
DA:136,4
DA:143,3
DA:145,3
DA:146,1
DA:150,3
DA:152,3
DA:159,0
DA:164,3
DA:172,7
DA:174,7
DA:175,6
DA:176,6
DA:177,6
DA:178,6
DA:179,6
DA:184,7
DA:187,0
LF:51
LH:47
BRDA:59,0,0,1
BRDA:59,0,1,3
BRDA:75,1,0,4
BRDA:75,1,1,2
BRDA:75,1,2,3
BRDA:75,1,3,2
BRDA:86,2,0,2
BRDA:86,2,1,0
BRDA:95,3,0,2
BRDA:95,3,1,1
BRDA:106,4,0,4
BRDA:106,4,1,1
BRDA:106,5,0,5
BRDA:106,5,1,3
BRDA:116,6,0,1
BRDA:116,6,1,1
BRDA:159,7,0,0
BRDA:159,7,1,0
BRDA:178,8,0,6
BRDA:178,8,1,0
BRF:20
BRH:16
end_of_record
TN:
SF:src\lib\api.ts
FN:5,api
FN:25,(anonymous_1)
FN:34,(anonymous_2)
FN:57,(anonymous_3)
FN:58,(anonymous_4)
FN:59,(anonymous_5)
FN:60,(anonymous_6)
FN:61,(anonymous_7)
FN:62,(anonymous_8)
FN:66,(anonymous_9)
FN:67,(anonymous_10)
FN:68,(anonymous_11)
FN:69,(anonymous_12)
FN:70,(anonymous_13)
FN:74,(anonymous_14)
FN:75,(anonymous_15)
FN:76,(anonymous_16)
FN:77,(anonymous_17)
FN:78,(anonymous_18)
FN:83,(anonymous_19)
FN:84,(anonymous_20)
FN:85,(anonymous_21)
FN:86,(anonymous_22)
FN:90,(anonymous_23)
FN:92,(anonymous_24)
FN:96,(anonymous_25)
FN:99,(anonymous_26)
FN:115,(anonymous_27)
FN:137,(anonymous_28)
FNF:29
FNH:11
FNDA:4,api
FNDA:8,(anonymous_1)
FNDA:2,(anonymous_2)
FNDA:0,(anonymous_3)
FNDA:1,(anonymous_4)
FNDA:0,(anonymous_5)
FNDA:0,(anonymous_6)
FNDA:0,(anonymous_7)
FNDA:0,(anonymous_8)
FNDA:0,(anonymous_9)
FNDA:2,(anonymous_10)
FNDA:1,(anonymous_11)
FNDA:0,(anonymous_12)
FNDA:0,(anonymous_13)
FNDA:0,(anonymous_14)
FNDA:0,(anonymous_15)
FNDA:0,(anonymous_16)
FNDA:0,(anonymous_17)
FNDA:0,(anonymous_18)
FNDA:0,(anonymous_19)
FNDA:0,(anonymous_20)
FNDA:0,(anonymous_21)
FNDA:0,(anonymous_22)
FNDA:4,(anonymous_23)
FNDA:0,(anonymous_24)
FNDA:3,(anonymous_25)
FNDA:3,(anonymous_26)
FNDA:2,(anonymous_27)
FNDA:2,(anonymous_28)
DA:3,6
DA:6,4
DA:18,4
DA:19,1
DA:22,3
DA:25,6
DA:26,8
DA:27,8
DA:28,8
DA:30,1
DA:34,6
DA:35,2
DA:36,2
DA:37,2
DA:39,1
DA:40,1
DA:41,1
DA:43,1
DA:45,1
DA:47,1
DA:48,1
DA:49,1
DA:50,1
DA:52,1
DA:56,6
DA:57,0
DA:58,1
DA:59,0
DA:60,0
DA:61,0
DA:62,0
DA:65,6
DA:66,0
DA:67,2
DA:68,1
DA:69,0
DA:70,0
DA:73,6
DA:74,0
DA:75,0
DA:76,0
DA:77,0
DA:78,0
DA:82,6
DA:83,0
DA:84,0
DA:85,0
DA:86,0
DA:89,6
DA:91,4
DA:92,4
DA:93,4
DA:95,4
DA:96,3
DA:99,4
DA:100,4
DA:102,3
DA:103,3
DA:105,3
DA:106,3
DA:108,3
DA:110,3
DA:112,3
DA:113,2
DA:114,2
DA:115,2
DA:116,2
DA:117,2
DA:118,0
DA:120,2
DA:124,0
DA:128,3
DA:130,1
DA:131,1
DA:136,6
DA:138,2
DA:139,2
DA:140,1
DA:142,2
DA:143,2
DA:145,2
DA:147,2
DA:149,2
DA:151,2
DA:153,1
DA:154,1
LF:86
LH:67
BRDA:18,0,0,1
BRDA:18,0,1,3
BRDA:28,1,0,5
BRDA:28,1,1,3
BRDA:93,2,0,4
BRDA:93,2,1,0
BRDA:96,3,0,3
BRDA:96,3,1,0
BRDA:100,4,0,1
BRDA:100,4,1,3
BRDA:103,5,0,0
BRDA:103,5,1,3
BRDA:112,6,0,2
BRDA:112,6,1,1
BRDA:140,7,0,1
BRDA:140,7,1,0
BRDA:140,8,0,1
BRDA:140,8,1,1
BRF:18
BRH:14
end_of_record
TN:
SF:src\lib\cart-store.ts
FN:14,(anonymous_0)
FN:16,(anonymous_1)
FN:17,(anonymous_2)
FN:26,(anonymous_3)
FN:27,(anonymous_4)
FN:31,(anonymous_5)
FN:32,(anonymous_6)
FN:39,(anonymous_7)
FN:45,(anonymous_8)
FN:46,(anonymous_9)
FN:49,(anonymous_10)
FN:50,(anonymous_11)
FN:53,(anonymous_12)
FN:55,(anonymous_13)
FN:56,(anonymous_14)
FN:61,notifyListeners
FN:62,(anonymous_16)
FNF:17
FNH:17
FNDA:2,(anonymous_0)
FNDA:5,(anonymous_1)
FNDA:1,(anonymous_2)
FNDA:1,(anonymous_3)
FNDA:1,(anonymous_4)
FNDA:1,(anonymous_5)
FNDA:1,(anonymous_6)
FNDA:5,(anonymous_7)
FNDA:1,(anonymous_8)
FNDA:1,(anonymous_9)
FNDA:3,(anonymous_10)
FNDA:2,(anonymous_11)
FNDA:2,(anonymous_12)
FNDA:2,(anonymous_13)
FNDA:2,(anonymous_14)
FNDA:17,notifyListeners
FNDA:3,(anonymous_16)
DA:10,2
DA:11,2
DA:13,2
DA:14,2
DA:17,5
DA:18,5
DA:19,1
DA:21,4
DA:23,5
DA:27,1
DA:28,1
DA:32,1
DA:33,1
DA:34,1
DA:35,1
DA:40,5
DA:41,5
DA:42,5
DA:46,1
DA:50,3
DA:54,2
DA:55,2
DA:56,2
DA:62,17
LF:24
LH:24
BRDA:18,0,0,1
BRDA:18,0,1,4
BRDA:33,1,0,1
BRDA:33,1,1,0
BRF:4
BRH:3
end_of_record
TN:
SF:src\lib\utils.ts
FN:4,cn
FNF:1
FNH:1
FNDA:205,cn
DA:5,205
LF:1
LH:1
BRF:0
BRH:0
end_of_record
TN:
SF:src\pages\Profile.tsx
FN:10,Profile
FN:23,(anonymous_1)
FN:39,(anonymous_2)
FN:84,(anonymous_3)
FN:84,(anonymous_4)
FN:94,(anonymous_5)
FN:94,(anonymous_6)
FN:105,(anonymous_7)
FN:105,(anonymous_8)
FN:115,(anonymous_9)
FN:115,(anonymous_10)
FN:129,(anonymous_11)
FN:129,(anonymous_12)
FN:141,(anonymous_13)
FN:141,(anonymous_14)
FNF:15
FNH:5
FNDA:17,Profile
FNDA:6,(anonymous_1)
FNDA:3,(anonymous_2)
FNDA:1,(anonymous_3)
FNDA:1,(anonymous_4)
FNDA:0,(anonymous_5)
FNDA:0,(anonymous_6)
FNDA:0,(anonymous_7)
FNDA:0,(anonymous_8)
FNDA:0,(anonymous_9)
FNDA:0,(anonymous_10)
FNDA:0,(anonymous_11)
FNDA:0,(anonymous_12)
FNDA:0,(anonymous_13)
FNDA:0,(anonymous_14)
DA:11,17
DA:12,17
DA:13,17
DA:14,17
DA:23,17
DA:24,6
DA:25,6
DA:26,6
DA:27,6
DA:28,4
DA:39,17
DA:40,3
DA:41,3
DA:42,3
DA:43,3
DA:44,3
DA:45,3
DA:46,3
DA:48,2
DA:49,3
DA:50,3
DA:52,3
DA:54,1
DA:56,3
DA:60,17
DA:84,1
DA:94,0
DA:105,0
DA:115,0
DA:129,0
DA:141,0
LF:31
LH:26
BRDA:27,0,0,4
BRDA:27,0,1,2
BRDA:29,1,0,4
BRDA:29,1,1,0
BRDA:30,2,0,4
BRDA:30,2,1,4
BRDA:31,3,0,4
BRDA:31,3,1,0
BRDA:32,4,0,4
BRDA:32,4,1,4
BRDA:33,5,0,4
BRDA:33,5,1,4
BRDA:34,6,0,4
BRDA:34,6,1,4
BRDA:41,7,0,0
BRDA:41,7,1,3
BRDA:48,8,0,2
BRDA:48,8,1,0
BRDA:152,9,0,3
BRDA:152,9,1,14
BRF:20
BRH:16
end_of_record
