{"C:\\Users\\NANDO\\Documents\\GitHub\\Proyecto-E-commerce\\Backend\\controllers\\categoryController.js": {"path":"C:\\Users\\NANDO\\Documents\\GitHub\\Proyecto-E-commerce\\Backend\\controllers\\categoryController.js","statementMap":{"0":{"start":{"line":1,"column":24},"end":{"line":1,"column":62}},"1":{"start":{"line":3,"column":0},"end":{"line":10,"column":2}},"2":{"start":{"line":4,"column":4},"end":{"line":9,"column":5}},"3":{"start":{"line":5,"column":21},"end":{"line":5,"column":61}},"4":{"start":{"line":6,"column":8},"end":{"line":6,"column":23}},"5":{"start":{"line":8,"column":8},"end":{"line":8,"column":55}},"6":{"start":{"line":12,"column":0},"end":{"line":19,"column":2}},"7":{"start":{"line":13,"column":4},"end":{"line":18,"column":5}},"8":{"start":{"line":14,"column":25},"end":{"line":14,"column":77}},"9":{"start":{"line":15,"column":8},"end":{"line":15,"column":27}},"10":{"start":{"line":17,"column":8},"end":{"line":17,"column":55}},"11":{"start":{"line":21,"column":0},"end":{"line":28,"column":2}},"12":{"start":{"line":22,"column":4},"end":{"line":27,"column":5}},"13":{"start":{"line":23,"column":24},"end":{"line":23,"column":70}},"14":{"start":{"line":24,"column":8},"end":{"line":24,"column":38}},"15":{"start":{"line":26,"column":8},"end":{"line":26,"column":55}},"16":{"start":{"line":30,"column":0},"end":{"line":37,"column":2}},"17":{"start":{"line":31,"column":4},"end":{"line":36,"column":5}},"18":{"start":{"line":32,"column":24},"end":{"line":32,"column":85}},"19":{"start":{"line":33,"column":8},"end":{"line":33,"column":26}},"20":{"start":{"line":35,"column":8},"end":{"line":35,"column":55}},"21":{"start":{"line":39,"column":0},"end":{"line":46,"column":2}},"22":{"start":{"line":40,"column":4},"end":{"line":45,"column":5}},"23":{"start":{"line":41,"column":24},"end":{"line":41,"column":75}},"24":{"start":{"line":42,"column":8},"end":{"line":42,"column":69}},"25":{"start":{"line":44,"column":8},"end":{"line":44,"column":55}}},"fnMap":{"0":{"name":"(anonymous_0)","decl":{"start":{"line":3,"column":17},"end":{"line":3,"column":18}},"loc":{"start":{"line":3,"column":37},"end":{"line":10,"column":1}},"line":3},"1":{"name":"(anonymous_1)","decl":{"start":{"line":12,"column":18},"end":{"line":12,"column":19}},"loc":{"start":{"line":12,"column":38},"end":{"line":19,"column":1}},"line":12},"2":{"name":"(anonymous_2)","decl":{"start":{"line":21,"column":17},"end":{"line":21,"column":18}},"loc":{"start":{"line":21,"column":37},"end":{"line":28,"column":1}},"line":21},"3":{"name":"(anonymous_3)","decl":{"start":{"line":30,"column":17},"end":{"line":30,"column":18}},"loc":{"start":{"line":30,"column":37},"end":{"line":37,"column":1}},"line":30},"4":{"name":"(anonymous_4)","decl":{"start":{"line":39,"column":17},"end":{"line":39,"column":18}},"loc":{"start":{"line":39,"column":37},"end":{"line":46,"column":1}},"line":39}},"branchMap":{},"s":{"0":1,"1":1,"2":2,"3":2,"4":1,"5":1,"6":1,"7":2,"8":2,"9":1,"10":1,"11":1,"12":2,"13":2,"14":1,"15":1,"16":1,"17":2,"18":2,"19":1,"20":1,"21":1,"22":2,"23":2,"24":1,"25":1},"f":{"0":2,"1":2,"2":2,"3":2,"4":2},"b":{},"_coverageSchema":"1a1c01bbd47fc00a2c39e90264f33305004495a9","hash":"98fe3aaa9eeae4c8aa630e1ef8ffb5475bb48dc1"}
,"C:\\Users\\NANDO\\Documents\\GitHub\\Proyecto-E-commerce\\Backend\\controllers\\customerController.js": {"path":"C:\\Users\\NANDO\\Documents\\GitHub\\Proyecto-E-commerce\\Backend\\controllers\\customerController.js","statementMap":{"0":{"start":{"line":1,"column":24},"end":{"line":1,"column":62}},"1":{"start":{"line":2,"column":17},"end":{"line":2,"column":46}},"2":{"start":{"line":4,"column":0},"end":{"line":7,"column":2}},"3":{"start":{"line":5,"column":22},"end":{"line":5,"column":53}},"4":{"start":{"line":6,"column":4},"end":{"line":6,"column":24}},"5":{"start":{"line":9,"column":0},"end":{"line":14,"column":2}},"6":{"start":{"line":10,"column":21},"end":{"line":10,"column":66}},"7":{"start":{"line":11,"column":4},"end":{"line":13,"column":66}},"8":{"start":{"line":16,"column":0},"end":{"line":19,"column":2}},"9":{"start":{"line":17,"column":24},"end":{"line":17,"column":62}},"10":{"start":{"line":18,"column":4},"end":{"line":18,"column":38}},"11":{"start":{"line":21,"column":0},"end":{"line":24,"column":2}},"12":{"start":{"line":22,"column":4},"end":{"line":22,"column":58}},"13":{"start":{"line":23,"column":4},"end":{"line":23,"column":59}},"14":{"start":{"line":26,"column":0},"end":{"line":29,"column":2}},"15":{"start":{"line":27,"column":4},"end":{"line":27,"column":48}},"16":{"start":{"line":28,"column":4},"end":{"line":28,"column":59}},"17":{"start":{"line":31,"column":0},"end":{"line":49,"column":2}},"18":{"start":{"line":32,"column":4},"end":{"line":48,"column":5}},"19":{"start":{"line":33,"column":32},"end":{"line":33,"column":40}},"20":{"start":{"line":34,"column":25},"end":{"line":38,"column":9}},"21":{"start":{"line":40,"column":8},"end":{"line":42,"column":9}},"22":{"start":{"line":41,"column":12},"end":{"line":41,"column":78}},"23":{"start":{"line":44,"column":8},"end":{"line":44,"column":72}},"24":{"start":{"line":47,"column":8},"end":{"line":47,"column":69}},"25":{"start":{"line":51,"column":0},"end":{"line":64,"column":2}},"26":{"start":{"line":52,"column":4},"end":{"line":63,"column":5}},"27":{"start":{"line":53,"column":28},"end":{"line":53,"column":68}},"28":{"start":{"line":55,"column":8},"end":{"line":59,"column":9}},"29":{"start":{"line":56,"column":12},"end":{"line":56,"column":61}},"30":{"start":{"line":58,"column":12},"end":{"line":58,"column":64}},"31":{"start":{"line":62,"column":8},"end":{"line":62,"column":70}}},"fnMap":{"0":{"name":"(anonymous_0)","decl":{"start":{"line":4,"column":17},"end":{"line":4,"column":18}},"loc":{"start":{"line":4,"column":37},"end":{"line":7,"column":1}},"line":4},"1":{"name":"(anonymous_1)","decl":{"start":{"line":9,"column":18},"end":{"line":9,"column":19}},"loc":{"start":{"line":9,"column":38},"end":{"line":14,"column":1}},"line":9},"2":{"name":"(anonymous_2)","decl":{"start":{"line":16,"column":17},"end":{"line":16,"column":18}},"loc":{"start":{"line":16,"column":37},"end":{"line":19,"column":1}},"line":16},"3":{"name":"(anonymous_3)","decl":{"start":{"line":21,"column":17},"end":{"line":21,"column":18}},"loc":{"start":{"line":21,"column":37},"end":{"line":24,"column":1}},"line":21},"4":{"name":"(anonymous_4)","decl":{"start":{"line":26,"column":17},"end":{"line":26,"column":18}},"loc":{"start":{"line":26,"column":37},"end":{"line":29,"column":1}},"line":26},"5":{"name":"(anonymous_5)","decl":{"start":{"line":31,"column":21},"end":{"line":31,"column":22}},"loc":{"start":{"line":31,"column":41},"end":{"line":49,"column":1}},"line":31},"6":{"name":"(anonymous_6)","decl":{"start":{"line":51,"column":27},"end":{"line":51,"column":28}},"loc":{"start":{"line":51,"column":47},"end":{"line":64,"column":1}},"line":51}},"branchMap":{"0":{"loc":{"start":{"line":11,"column":4},"end":{"line":13,"column":65}},"type":"cond-expr","locations":[{"start":{"line":12,"column":10},"end":{"line":12,"column":28}},{"start":{"line":13,"column":10},"end":{"line":13,"column":65}}],"line":11},"1":{"loc":{"start":{"line":40,"column":8},"end":{"line":42,"column":9}},"type":"if","locations":[{"start":{"line":40,"column":8},"end":{"line":42,"column":9}},{"start":{},"end":{}}],"line":40},"2":{"loc":{"start":{"line":55,"column":8},"end":{"line":59,"column":9}},"type":"if","locations":[{"start":{"line":55,"column":8},"end":{"line":59,"column":9}},{"start":{"line":57,"column":15},"end":{"line":59,"column":9}}],"line":55}},"s":{"0":2,"1":2,"2":2,"3":1,"4":1,"5":2,"6":1,"7":1,"8":2,"9":1,"10":1,"11":2,"12":1,"13":1,"14":2,"15":1,"16":1,"17":2,"18":3,"19":3,"20":3,"21":2,"22":1,"23":1,"24":1,"25":2,"26":3,"27":3,"28":2,"29":1,"30":1,"31":1},"f":{"0":1,"1":1,"2":1,"3":1,"4":1,"5":3,"6":3},"b":{"0":[0,1],"1":[1,1],"2":[1,1]},"_coverageSchema":"1a1c01bbd47fc00a2c39e90264f33305004495a9","hash":"d007c823ed731aeb26a2bab1984c818901a6de6a"}
,"C:\\Users\\NANDO\\Documents\\GitHub\\Proyecto-E-commerce\\Backend\\controllers\\productController.js": {"path":"C:\\Users\\NANDO\\Documents\\GitHub\\Proyecto-E-commerce\\Backend\\controllers\\productController.js","statementMap":{"0":{"start":{"line":1,"column":23},"end":{"line":1,"column":60}},"1":{"start":{"line":3,"column":0},"end":{"line":10,"column":2}},"2":{"start":{"line":4,"column":4},"end":{"line":9,"column":5}},"3":{"start":{"line":5,"column":25},"end":{"line":5,"column":62}},"4":{"start":{"line":6,"column":8},"end":{"line":6,"column":27}},"5":{"start":{"line":8,"column":8},"end":{"line":8,"column":55}},"6":{"start":{"line":12,"column":0},"end":{"line":19,"column":2}},"7":{"start":{"line":13,"column":4},"end":{"line":18,"column":5}},"8":{"start":{"line":14,"column":24},"end":{"line":14,"column":74}},"9":{"start":{"line":15,"column":8},"end":{"line":15,"column":26}},"10":{"start":{"line":17,"column":8},"end":{"line":17,"column":55}},"11":{"start":{"line":21,"column":0},"end":{"line":28,"column":2}},"12":{"start":{"line":22,"column":4},"end":{"line":27,"column":5}},"13":{"start":{"line":23,"column":24},"end":{"line":23,"column":68}},"14":{"start":{"line":24,"column":8},"end":{"line":24,"column":38}},"15":{"start":{"line":26,"column":8},"end":{"line":26,"column":55}},"16":{"start":{"line":30,"column":0},"end":{"line":37,"column":2}},"17":{"start":{"line":31,"column":4},"end":{"line":36,"column":5}},"18":{"start":{"line":32,"column":24},"end":{"line":32,"column":83}},"19":{"start":{"line":33,"column":8},"end":{"line":33,"column":26}},"20":{"start":{"line":35,"column":8},"end":{"line":35,"column":55}},"21":{"start":{"line":39,"column":0},"end":{"line":46,"column":2}},"22":{"start":{"line":40,"column":4},"end":{"line":45,"column":5}},"23":{"start":{"line":41,"column":24},"end":{"line":41,"column":73}},"24":{"start":{"line":42,"column":8},"end":{"line":42,"column":70}},"25":{"start":{"line":44,"column":8},"end":{"line":44,"column":55}},"26":{"start":{"line":48,"column":0},"end":{"line":55,"column":2}},"27":{"start":{"line":49,"column":4},"end":{"line":54,"column":5}},"28":{"start":{"line":50,"column":25},"end":{"line":50,"column":68}},"29":{"start":{"line":51,"column":8},"end":{"line":51,"column":27}},"30":{"start":{"line":53,"column":8},"end":{"line":53,"column":55}},"31":{"start":{"line":57,"column":0},"end":{"line":64,"column":2}},"32":{"start":{"line":58,"column":4},"end":{"line":63,"column":5}},"33":{"start":{"line":59,"column":25},"end":{"line":59,"column":75}},"34":{"start":{"line":60,"column":8},"end":{"line":60,"column":27}},"35":{"start":{"line":62,"column":8},"end":{"line":62,"column":55}},"36":{"start":{"line":66,"column":0},"end":{"line":75,"column":2}},"37":{"start":{"line":67,"column":4},"end":{"line":74,"column":5}},"38":{"start":{"line":68,"column":30},"end":{"line":68,"column":40}},"39":{"start":{"line":69,"column":29},"end":{"line":69,"column":37}},"40":{"start":{"line":70,"column":23},"end":{"line":70,"column":80}},"41":{"start":{"line":71,"column":8},"end":{"line":71,"column":25}},"42":{"start":{"line":73,"column":8},"end":{"line":73,"column":55}}},"fnMap":{"0":{"name":"(anonymous_0)","decl":{"start":{"line":3,"column":17},"end":{"line":3,"column":18}},"loc":{"start":{"line":3,"column":37},"end":{"line":10,"column":1}},"line":3},"1":{"name":"(anonymous_1)","decl":{"start":{"line":12,"column":18},"end":{"line":12,"column":19}},"loc":{"start":{"line":12,"column":38},"end":{"line":19,"column":1}},"line":12},"2":{"name":"(anonymous_2)","decl":{"start":{"line":21,"column":17},"end":{"line":21,"column":18}},"loc":{"start":{"line":21,"column":37},"end":{"line":28,"column":1}},"line":21},"3":{"name":"(anonymous_3)","decl":{"start":{"line":30,"column":17},"end":{"line":30,"column":18}},"loc":{"start":{"line":30,"column":37},"end":{"line":37,"column":1}},"line":30},"4":{"name":"(anonymous_4)","decl":{"start":{"line":39,"column":17},"end":{"line":39,"column":18}},"loc":{"start":{"line":39,"column":37},"end":{"line":46,"column":1}},"line":39},"5":{"name":"(anonymous_5)","decl":{"start":{"line":48,"column":23},"end":{"line":48,"column":24}},"loc":{"start":{"line":48,"column":43},"end":{"line":55,"column":1}},"line":48},"6":{"name":"(anonymous_6)","decl":{"start":{"line":57,"column":30},"end":{"line":57,"column":31}},"loc":{"start":{"line":57,"column":50},"end":{"line":64,"column":1}},"line":57},"7":{"name":"(anonymous_7)","decl":{"start":{"line":66,"column":19},"end":{"line":66,"column":20}},"loc":{"start":{"line":66,"column":39},"end":{"line":75,"column":1}},"line":66}},"branchMap":{},"s":{"0":2,"1":2,"2":2,"3":2,"4":1,"5":1,"6":2,"7":3,"8":3,"9":1,"10":2,"11":2,"12":2,"13":2,"14":1,"15":1,"16":2,"17":2,"18":2,"19":1,"20":1,"21":2,"22":2,"23":2,"24":1,"25":1,"26":2,"27":2,"28":2,"29":1,"30":1,"31":2,"32":2,"33":2,"34":1,"35":1,"36":2,"37":2,"38":2,"39":2,"40":2,"41":1,"42":1},"f":{"0":2,"1":3,"2":2,"3":2,"4":2,"5":2,"6":2,"7":2},"b":{},"_coverageSchema":"1a1c01bbd47fc00a2c39e90264f33305004495a9","hash":"b542afd56e477595f1bec564f5cc7842a50352a5"}
,"C:\\Users\\NANDO\\Documents\\GitHub\\Proyecto-E-commerce\\Backend\\controllers\\shoppingCartController.js": {"path":"C:\\Users\\NANDO\\Documents\\GitHub\\Proyecto-E-commerce\\Backend\\controllers\\shoppingCartController.js","statementMap":{"0":{"start":{"line":1,"column":28},"end":{"line":1,"column":70}},"1":{"start":{"line":3,"column":0},"end":{"line":10,"column":2}},"2":{"start":{"line":4,"column":4},"end":{"line":9,"column":5}},"3":{"start":{"line":5,"column":21},"end":{"line":5,"column":75}},"4":{"start":{"line":6,"column":8},"end":{"line":6,"column":35}},"5":{"start":{"line":8,"column":8},"end":{"line":8,"column":53}},"6":{"start":{"line":12,"column":0},"end":{"line":15,"column":2}},"7":{"start":{"line":13,"column":18},"end":{"line":13,"column":65}},"8":{"start":{"line":14,"column":4},"end":{"line":14,"column":20}},"9":{"start":{"line":17,"column":0},"end":{"line":21,"column":2}},"10":{"start":{"line":18,"column":17},"end":{"line":18,"column":77}},"11":{"start":{"line":19,"column":4},"end":{"line":19,"column":67}},"12":{"start":{"line":19,"column":15},"end":{"line":19,"column":67}},"13":{"start":{"line":20,"column":4},"end":{"line":20,"column":19}},"14":{"start":{"line":23,"column":0},"end":{"line":27,"column":2}},"15":{"start":{"line":24,"column":17},"end":{"line":24,"column":86}},"16":{"start":{"line":25,"column":4},"end":{"line":25,"column":67}},"17":{"start":{"line":25,"column":15},"end":{"line":25,"column":67}},"18":{"start":{"line":26,"column":4},"end":{"line":26,"column":19}},"19":{"start":{"line":29,"column":0},"end":{"line":33,"column":2}},"20":{"start":{"line":30,"column":17},"end":{"line":30,"column":76}},"21":{"start":{"line":31,"column":4},"end":{"line":31,"column":67}},"22":{"start":{"line":31,"column":15},"end":{"line":31,"column":67}},"23":{"start":{"line":32,"column":4},"end":{"line":32,"column":37}},"24":{"start":{"line":35,"column":0},"end":{"line":40,"column":2}},"25":{"start":{"line":36,"column":23},"end":{"line":36,"column":44}},"26":{"start":{"line":37,"column":17},"end":{"line":37,"column":80}},"27":{"start":{"line":38,"column":4},"end":{"line":38,"column":79}},"28":{"start":{"line":38,"column":15},"end":{"line":38,"column":79}},"29":{"start":{"line":39,"column":4},"end":{"line":39,"column":19}}},"fnMap":{"0":{"name":"(anonymous_0)","decl":{"start":{"line":3,"column":17},"end":{"line":3,"column":18}},"loc":{"start":{"line":3,"column":37},"end":{"line":10,"column":1}},"line":3},"1":{"name":"(anonymous_1)","decl":{"start":{"line":12,"column":17},"end":{"line":12,"column":18}},"loc":{"start":{"line":12,"column":37},"end":{"line":15,"column":1}},"line":12},"2":{"name":"(anonymous_2)","decl":{"start":{"line":17,"column":18},"end":{"line":17,"column":19}},"loc":{"start":{"line":17,"column":38},"end":{"line":21,"column":1}},"line":17},"3":{"name":"(anonymous_3)","decl":{"start":{"line":23,"column":17},"end":{"line":23,"column":18}},"loc":{"start":{"line":23,"column":37},"end":{"line":27,"column":1}},"line":23},"4":{"name":"(anonymous_4)","decl":{"start":{"line":29,"column":17},"end":{"line":29,"column":18}},"loc":{"start":{"line":29,"column":37},"end":{"line":33,"column":1}},"line":29},"5":{"name":"(anonymous_5)","decl":{"start":{"line":35,"column":24},"end":{"line":35,"column":25}},"loc":{"start":{"line":35,"column":44},"end":{"line":40,"column":1}},"line":35}},"branchMap":{"0":{"loc":{"start":{"line":19,"column":4},"end":{"line":19,"column":67}},"type":"if","locations":[{"start":{"line":19,"column":4},"end":{"line":19,"column":67}},{"start":{},"end":{}}],"line":19},"1":{"loc":{"start":{"line":25,"column":4},"end":{"line":25,"column":67}},"type":"if","locations":[{"start":{"line":25,"column":4},"end":{"line":25,"column":67}},{"start":{},"end":{}}],"line":25},"2":{"loc":{"start":{"line":31,"column":4},"end":{"line":31,"column":67}},"type":"if","locations":[{"start":{"line":31,"column":4},"end":{"line":31,"column":67}},{"start":{},"end":{}}],"line":31},"3":{"loc":{"start":{"line":38,"column":4},"end":{"line":38,"column":79}},"type":"if","locations":[{"start":{"line":38,"column":4},"end":{"line":38,"column":79}},{"start":{},"end":{}}],"line":38}},"s":{"0":1,"1":1,"2":6,"3":6,"4":3,"5":3,"6":1,"7":3,"8":3,"9":1,"10":2,"11":2,"12":1,"13":1,"14":1,"15":4,"16":4,"17":1,"18":3,"19":1,"20":2,"21":2,"22":1,"23":1,"24":1,"25":2,"26":2,"27":2,"28":1,"29":1},"f":{"0":6,"1":3,"2":2,"3":4,"4":2,"5":2},"b":{"0":[1,1],"1":[1,3],"2":[1,1],"3":[1,1]},"_coverageSchema":"1a1c01bbd47fc00a2c39e90264f33305004495a9","hash":"0f3b6682097a280bd3dd9968c73fafb85a165078"}
,"C:\\Users\\NANDO\\Documents\\GitHub\\Proyecto-E-commerce\\Backend\\models\\category.js": {"path":"C:\\Users\\NANDO\\Documents\\GitHub\\Proyecto-E-commerce\\Backend\\models\\category.js","statementMap":{"0":{"start":{"line":1,"column":17},"end":{"line":1,"column":36}},"1":{"start":{"line":3,"column":23},"end":{"line":9,"column":2}},"2":{"start":{"line":11,"column":0},"end":{"line":11,"column":60}}},"fnMap":{},"branchMap":{},"s":{"0":2,"1":2,"2":2},"f":{},"b":{},"_coverageSchema":"1a1c01bbd47fc00a2c39e90264f33305004495a9","hash":"dbcd3675f2701ed36e9596fdcb4ca05686ea3997"}
,"C:\\Users\\NANDO\\Documents\\GitHub\\Proyecto-E-commerce\\Backend\\models\\customer.js": {"path":"C:\\Users\\NANDO\\Documents\\GitHub\\Proyecto-E-commerce\\Backend\\models\\customer.js","statementMap":{"0":{"start":{"line":1,"column":17},"end":{"line":1,"column":36}},"1":{"start":{"line":2,"column":15},"end":{"line":2,"column":34}},"2":{"start":{"line":4,"column":23},"end":{"line":19,"column":1}},"3":{"start":{"line":21,"column":0},"end":{"line":31,"column":3}},"4":{"start":{"line":22,"column":4},"end":{"line":22,"column":52}},"5":{"start":{"line":22,"column":38},"end":{"line":22,"column":52}},"6":{"start":{"line":24,"column":4},"end":{"line":30,"column":5}},"7":{"start":{"line":25,"column":21},"end":{"line":25,"column":45}},"8":{"start":{"line":26,"column":8},"end":{"line":26,"column":63}},"9":{"start":{"line":27,"column":8},"end":{"line":27,"column":15}},"10":{"start":{"line":29,"column":8},"end":{"line":29,"column":18}},"11":{"start":{"line":33,"column":0},"end":{"line":35,"column":2}},"12":{"start":{"line":34,"column":4},"end":{"line":34,"column":60}},"13":{"start":{"line":37,"column":17},"end":{"line":37,"column":59}},"14":{"start":{"line":38,"column":0},"end":{"line":38,"column":26}}},"fnMap":{"0":{"name":"(anonymous_0)","decl":{"start":{"line":21,"column":27},"end":{"line":21,"column":28}},"loc":{"start":{"line":21,"column":49},"end":{"line":31,"column":1}},"line":21},"1":{"name":"(anonymous_1)","decl":{"start":{"line":33,"column":41},"end":{"line":33,"column":42}},"loc":{"start":{"line":33,"column":76},"end":{"line":35,"column":1}},"line":33}},"branchMap":{"0":{"loc":{"start":{"line":22,"column":4},"end":{"line":22,"column":52}},"type":"if","locations":[{"start":{"line":22,"column":4},"end":{"line":22,"column":52}},{"start":{},"end":{}}],"line":22}},"s":{"0":5,"1":5,"2":5,"3":5,"4":3,"5":1,"6":2,"7":2,"8":1,"9":1,"10":1,"11":5,"12":1,"13":5,"14":5},"f":{"0":3,"1":1},"b":{"0":[1,2]},"_coverageSchema":"1a1c01bbd47fc00a2c39e90264f33305004495a9","hash":"c1b9486453197ec5e1af5b32f3c43d9f97a83ca7"}
,"C:\\Users\\NANDO\\Documents\\GitHub\\Proyecto-E-commerce\\Backend\\models\\product.js": {"path":"C:\\Users\\NANDO\\Documents\\GitHub\\Proyecto-E-commerce\\Backend\\models\\product.js","statementMap":{"0":{"start":{"line":1,"column":17},"end":{"line":1,"column":36}},"1":{"start":{"line":3,"column":22},"end":{"line":15,"column":2}},"2":{"start":{"line":17,"column":0},"end":{"line":17,"column":58}}},"fnMap":{},"branchMap":{},"s":{"0":3,"1":3,"2":3},"f":{},"b":{},"_coverageSchema":"1a1c01bbd47fc00a2c39e90264f33305004495a9","hash":"40a906e93285744ee3535644eff3c539e0fd5671"}
,"C:\\Users\\NANDO\\Documents\\GitHub\\Proyecto-E-commerce\\Backend\\models\\shoppingCart.js": {"path":"C:\\Users\\NANDO\\Documents\\GitHub\\Proyecto-E-commerce\\Backend\\models\\shoppingCart.js","statementMap":{"0":{"start":{"line":1,"column":17},"end":{"line":1,"column":36}},"1":{"start":{"line":2,"column":29},"end":{"line":2,"column":57}},"2":{"start":{"line":4,"column":22},"end":{"line":4,"column":52}},"3":{"start":{"line":6,"column":27},"end":{"line":26,"column":24}},"4":{"start":{"line":30,"column":0},"end":{"line":35,"column":1}},"5":{"start":{"line":31,"column":8},"end":{"line":34,"column":11}},"6":{"start":{"line":37,"column":0},"end":{"line":37,"column":68}}},"fnMap":{},"branchMap":{"0":{"loc":{"start":{"line":30,"column":0},"end":{"line":35,"column":1}},"type":"if","locations":[{"start":{"line":30,"column":0},"end":{"line":35,"column":1}},{"start":{},"end":{}}],"line":30}},"s":{"0":2,"1":2,"2":2,"3":2,"4":2,"5":0,"6":2},"f":{},"b":{"0":[0,2]},"_coverageSchema":"1a1c01bbd47fc00a2c39e90264f33305004495a9","hash":"2c037b6b7f454fdc8d7d06352d40b24412d52a0c"}
,"C:\\Users\\NANDO\\Documents\\GitHub\\Proyecto-E-commerce\\Backend\\routes\\categoryRoutes.js": {"path":"C:\\Users\\NANDO\\Documents\\GitHub\\Proyecto-E-commerce\\Backend\\routes\\categoryRoutes.js","statementMap":{"0":{"start":{"line":1,"column":16},"end":{"line":1,"column":34}},"1":{"start":{"line":2,"column":15},"end":{"line":2,"column":31}},"2":{"start":{"line":3,"column":27},"end":{"line":3,"column":71}},"3":{"start":{"line":5,"column":0},"end":{"line":5,"column":43}},"4":{"start":{"line":6,"column":0},"end":{"line":6,"column":47}},"5":{"start":{"line":7,"column":0},"end":{"line":7,"column":44}},"6":{"start":{"line":8,"column":0},"end":{"line":8,"column":46}},"7":{"start":{"line":9,"column":0},"end":{"line":9,"column":49}},"8":{"start":{"line":11,"column":0},"end":{"line":11,"column":24}}},"fnMap":{},"branchMap":{},"s":{"0":1,"1":1,"2":1,"3":1,"4":1,"5":1,"6":1,"7":1,"8":1},"f":{},"b":{},"_coverageSchema":"1a1c01bbd47fc00a2c39e90264f33305004495a9","hash":"e503fcd4c6add672cd338dab409caba0f5a91db0"}
,"C:\\Users\\NANDO\\Documents\\GitHub\\Proyecto-E-commerce\\Backend\\routes\\customerRoutes.js": {"path":"C:\\Users\\NANDO\\Documents\\GitHub\\Proyecto-E-commerce\\Backend\\routes\\customerRoutes.js","statementMap":{"0":{"start":{"line":1,"column":16},"end":{"line":1,"column":34}},"1":{"start":{"line":2,"column":15},"end":{"line":2,"column":31}},"2":{"start":{"line":3,"column":19},"end":{"line":3,"column":63}},"3":{"start":{"line":4,"column":23},"end":{"line":4,"column":67}},"4":{"start":{"line":5,"column":29},"end":{"line":5,"column":73}},"5":{"start":{"line":7,"column":0},"end":{"line":7,"column":35}},"6":{"start":{"line":8,"column":0},"end":{"line":8,"column":45}},"7":{"start":{"line":9,"column":0},"end":{"line":9,"column":39}},"8":{"start":{"line":10,"column":0},"end":{"line":10,"column":39}},"9":{"start":{"line":11,"column":0},"end":{"line":11,"column":36}},"10":{"start":{"line":12,"column":0},"end":{"line":12,"column":38}},"11":{"start":{"line":13,"column":0},"end":{"line":13,"column":41}},"12":{"start":{"line":15,"column":0},"end":{"line":15,"column":24}}},"fnMap":{},"branchMap":{},"s":{"0":1,"1":1,"2":1,"3":1,"4":1,"5":1,"6":1,"7":1,"8":1,"9":1,"10":1,"11":1,"12":1},"f":{},"b":{},"_coverageSchema":"1a1c01bbd47fc00a2c39e90264f33305004495a9","hash":"45af01eb8ca7abc4595f99beb0de142d31b49e77"}
,"C:\\Users\\NANDO\\Documents\\GitHub\\Proyecto-E-commerce\\Backend\\routes\\productRoutes.js": {"path":"C:\\Users\\NANDO\\Documents\\GitHub\\Proyecto-E-commerce\\Backend\\routes\\productRoutes.js","statementMap":{"0":{"start":{"line":1,"column":16},"end":{"line":1,"column":34}},"1":{"start":{"line":2,"column":15},"end":{"line":2,"column":31}},"2":{"start":{"line":3,"column":26},"end":{"line":3,"column":69}},"3":{"start":{"line":5,"column":0},"end":{"line":5,"column":65}},"4":{"start":{"line":6,"column":0},"end":{"line":6,"column":73}},"5":{"start":{"line":7,"column":0},"end":{"line":7,"column":73}},"6":{"start":{"line":9,"column":0},"end":{"line":9,"column":42}},"7":{"start":{"line":10,"column":0},"end":{"line":10,"column":46}},"8":{"start":{"line":11,"column":0},"end":{"line":11,"column":43}},"9":{"start":{"line":12,"column":0},"end":{"line":12,"column":45}},"10":{"start":{"line":13,"column":0},"end":{"line":13,"column":48}},"11":{"start":{"line":15,"column":0},"end":{"line":15,"column":24}}},"fnMap":{},"branchMap":{},"s":{"0":1,"1":1,"2":1,"3":1,"4":1,"5":1,"6":1,"7":1,"8":1,"9":1,"10":1,"11":1},"f":{},"b":{},"_coverageSchema":"1a1c01bbd47fc00a2c39e90264f33305004495a9","hash":"74004bcbd2b7bef001d4bf7c17fd1e9227c7bad8"}
,"C:\\Users\\NANDO\\Documents\\GitHub\\Proyecto-E-commerce\\Backend\\routes\\shoppingCartRoutes.js": {"path":"C:\\Users\\NANDO\\Documents\\GitHub\\Proyecto-E-commerce\\Backend\\routes\\shoppingCartRoutes.js","statementMap":{"0":{"start":{"line":1,"column":16},"end":{"line":1,"column":34}},"1":{"start":{"line":2,"column":15},"end":{"line":2,"column":31}},"2":{"start":{"line":3,"column":31},"end":{"line":3,"column":79}},"3":{"start":{"line":5,"column":0},"end":{"line":5,"column":48}},"4":{"start":{"line":6,"column":0},"end":{"line":6,"column":47}},"5":{"start":{"line":7,"column":0},"end":{"line":7,"column":74}},"6":{"start":{"line":8,"column":0},"end":{"line":8,"column":51}},"7":{"start":{"line":9,"column":0},"end":{"line":9,"column":50}},"8":{"start":{"line":10,"column":0},"end":{"line":10,"column":53}},"9":{"start":{"line":12,"column":0},"end":{"line":12,"column":24}}},"fnMap":{},"branchMap":{},"s":{"0":1,"1":1,"2":1,"3":1,"4":1,"5":1,"6":1,"7":1,"8":1,"9":1},"f":{},"b":{},"_coverageSchema":"1a1c01bbd47fc00a2c39e90264f33305004495a9","hash":"9e304a8a03d0b19bf34d010126eeeb34f544d434"}
,"C:\\Users\\NANDO\\Documents\\GitHub\\Proyecto-E-commerce\\Backend\\services\\categoryService.js": {"path":"C:\\Users\\NANDO\\Documents\\GitHub\\Proyecto-E-commerce\\Backend\\services\\categoryService.js","statementMap":{"0":{"start":{"line":1,"column":17},"end":{"line":1,"column":46}},"1":{"start":{"line":3,"column":0},"end":{"line":3,"column":55}},"2":{"start":{"line":3,"column":39},"end":{"line":3,"column":54}},"3":{"start":{"line":5,"column":0},"end":{"line":9,"column":2}},"4":{"start":{"line":6,"column":21},"end":{"line":6,"column":48}},"5":{"start":{"line":7,"column":4},"end":{"line":7,"column":57}},"6":{"start":{"line":7,"column":19},"end":{"line":7,"column":57}},"7":{"start":{"line":8,"column":4},"end":{"line":8,"column":20}},"8":{"start":{"line":11,"column":0},"end":{"line":14,"column":2}},"9":{"start":{"line":12,"column":24},"end":{"line":12,"column":42}},"10":{"start":{"line":13,"column":4},"end":{"line":13,"column":36}},"11":{"start":{"line":16,"column":0},"end":{"line":20,"column":2}},"12":{"start":{"line":17,"column":20},"end":{"line":17,"column":77}},"13":{"start":{"line":18,"column":4},"end":{"line":18,"column":56}},"14":{"start":{"line":18,"column":18},"end":{"line":18,"column":56}},"15":{"start":{"line":19,"column":4},"end":{"line":19,"column":19}},"16":{"start":{"line":22,"column":0},"end":{"line":26,"column":2}},"17":{"start":{"line":23,"column":20},"end":{"line":23,"column":56}},"18":{"start":{"line":24,"column":4},"end":{"line":24,"column":56}},"19":{"start":{"line":24,"column":18},"end":{"line":24,"column":56}},"20":{"start":{"line":25,"column":4},"end":{"line":25,"column":19}}},"fnMap":{"0":{"name":"(anonymous_0)","decl":{"start":{"line":3,"column":27},"end":{"line":3,"column":28}},"loc":{"start":{"line":3,"column":39},"end":{"line":3,"column":54}},"line":3},"1":{"name":"(anonymous_1)","decl":{"start":{"line":5,"column":26},"end":{"line":5,"column":27}},"loc":{"start":{"line":5,"column":40},"end":{"line":9,"column":1}},"line":5},"2":{"name":"(anonymous_2)","decl":{"start":{"line":11,"column":25},"end":{"line":11,"column":26}},"loc":{"start":{"line":11,"column":41},"end":{"line":14,"column":1}},"line":11},"3":{"name":"(anonymous_3)","decl":{"start":{"line":16,"column":25},"end":{"line":16,"column":26}},"loc":{"start":{"line":16,"column":45},"end":{"line":20,"column":1}},"line":16},"4":{"name":"(anonymous_4)","decl":{"start":{"line":22,"column":25},"end":{"line":22,"column":26}},"loc":{"start":{"line":22,"column":39},"end":{"line":26,"column":1}},"line":22}},"branchMap":{"0":{"loc":{"start":{"line":7,"column":4},"end":{"line":7,"column":57}},"type":"if","locations":[{"start":{"line":7,"column":4},"end":{"line":7,"column":57}},{"start":{},"end":{}}],"line":7},"1":{"loc":{"start":{"line":18,"column":4},"end":{"line":18,"column":56}},"type":"if","locations":[{"start":{"line":18,"column":4},"end":{"line":18,"column":56}},{"start":{},"end":{}}],"line":18},"2":{"loc":{"start":{"line":24,"column":4},"end":{"line":24,"column":56}},"type":"if","locations":[{"start":{"line":24,"column":4},"end":{"line":24,"column":56}},{"start":{},"end":{}}],"line":24}},"s":{"0":2,"1":2,"2":1,"3":2,"4":2,"5":2,"6":1,"7":1,"8":2,"9":1,"10":1,"11":2,"12":2,"13":2,"14":1,"15":1,"16":2,"17":2,"18":2,"19":1,"20":1},"f":{"0":1,"1":2,"2":1,"3":2,"4":2},"b":{"0":[1,1],"1":[1,1],"2":[1,1]},"_coverageSchema":"1a1c01bbd47fc00a2c39e90264f33305004495a9","hash":"962b0af9f420b16f0242050fab106c1741811d5b"}
,"C:\\Users\\NANDO\\Documents\\GitHub\\Proyecto-E-commerce\\Backend\\services\\customerService.js": {"path":"C:\\Users\\NANDO\\Documents\\GitHub\\Proyecto-E-commerce\\Backend\\services\\customerService.js","statementMap":{"0":{"start":{"line":1,"column":17},"end":{"line":1,"column":46}},"1":{"start":{"line":3,"column":0},"end":{"line":3,"column":40}},"2":{"start":{"line":3,"column":24},"end":{"line":3,"column":39}},"3":{"start":{"line":5,"column":0},"end":{"line":9,"column":2}},"4":{"start":{"line":6,"column":21},"end":{"line":6,"column":48}},"5":{"start":{"line":7,"column":4},"end":{"line":7,"column":57}},"6":{"start":{"line":7,"column":19},"end":{"line":7,"column":57}},"7":{"start":{"line":8,"column":4},"end":{"line":8,"column":20}},"8":{"start":{"line":11,"column":0},"end":{"line":11,"column":49}},"9":{"start":{"line":11,"column":27},"end":{"line":11,"column":48}},"10":{"start":{"line":13,"column":0},"end":{"line":17,"column":2}},"11":{"start":{"line":14,"column":20},"end":{"line":14,"column":77}},"12":{"start":{"line":15,"column":4},"end":{"line":15,"column":56}},"13":{"start":{"line":15,"column":18},"end":{"line":15,"column":56}},"14":{"start":{"line":16,"column":4},"end":{"line":16,"column":19}},"15":{"start":{"line":19,"column":0},"end":{"line":23,"column":2}},"16":{"start":{"line":20,"column":20},"end":{"line":20,"column":56}},"17":{"start":{"line":21,"column":4},"end":{"line":21,"column":56}},"18":{"start":{"line":21,"column":18},"end":{"line":21,"column":56}},"19":{"start":{"line":22,"column":4},"end":{"line":22,"column":19}}},"fnMap":{"0":{"name":"(anonymous_0)","decl":{"start":{"line":3,"column":18},"end":{"line":3,"column":19}},"loc":{"start":{"line":3,"column":24},"end":{"line":3,"column":39}},"line":3},"1":{"name":"(anonymous_1)","decl":{"start":{"line":5,"column":19},"end":{"line":5,"column":20}},"loc":{"start":{"line":5,"column":33},"end":{"line":9,"column":1}},"line":5},"2":{"name":"(anonymous_2)","decl":{"start":{"line":11,"column":17},"end":{"line":11,"column":18}},"loc":{"start":{"line":11,"column":27},"end":{"line":11,"column":48}},"line":11},"3":{"name":"(anonymous_3)","decl":{"start":{"line":13,"column":17},"end":{"line":13,"column":18}},"loc":{"start":{"line":13,"column":37},"end":{"line":17,"column":1}},"line":13},"4":{"name":"(anonymous_4)","decl":{"start":{"line":19,"column":17},"end":{"line":19,"column":18}},"loc":{"start":{"line":19,"column":31},"end":{"line":23,"column":1}},"line":19}},"branchMap":{"0":{"loc":{"start":{"line":7,"column":4},"end":{"line":7,"column":57}},"type":"if","locations":[{"start":{"line":7,"column":4},"end":{"line":7,"column":57}},{"start":{},"end":{}}],"line":7},"1":{"loc":{"start":{"line":15,"column":4},"end":{"line":15,"column":56}},"type":"if","locations":[{"start":{"line":15,"column":4},"end":{"line":15,"column":56}},{"start":{},"end":{}}],"line":15},"2":{"loc":{"start":{"line":21,"column":4},"end":{"line":21,"column":56}},"type":"if","locations":[{"start":{"line":21,"column":4},"end":{"line":21,"column":56}},{"start":{},"end":{}}],"line":21}},"s":{"0":3,"1":3,"2":1,"3":3,"4":2,"5":2,"6":1,"7":1,"8":3,"9":1,"10":3,"11":2,"12":2,"13":1,"14":1,"15":3,"16":2,"17":2,"18":1,"19":1},"f":{"0":1,"1":2,"2":1,"3":2,"4":2},"b":{"0":[1,1],"1":[1,1],"2":[1,1]},"_coverageSchema":"1a1c01bbd47fc00a2c39e90264f33305004495a9","hash":"c4952e7e3be37cf1751a89dea645e512ebe3512c"}
,"C:\\Users\\NANDO\\Documents\\GitHub\\Proyecto-E-commerce\\Backend\\services\\productService.js": {"path":"C:\\Users\\NANDO\\Documents\\GitHub\\Proyecto-E-commerce\\Backend\\services\\productService.js","statementMap":{"0":{"start":{"line":1,"column":16},"end":{"line":1,"column":44}},"1":{"start":{"line":3,"column":0},"end":{"line":5,"column":2}},"2":{"start":{"line":4,"column":4},"end":{"line":4,"column":34}},"3":{"start":{"line":7,"column":0},"end":{"line":11,"column":2}},"4":{"start":{"line":8,"column":20},"end":{"line":8,"column":46}},"5":{"start":{"line":9,"column":4},"end":{"line":9,"column":60}},"6":{"start":{"line":9,"column":18},"end":{"line":9,"column":60}},"7":{"start":{"line":10,"column":4},"end":{"line":10,"column":19}},"8":{"start":{"line":13,"column":0},"end":{"line":16,"column":2}},"9":{"start":{"line":14,"column":23},"end":{"line":14,"column":40}},"10":{"start":{"line":15,"column":4},"end":{"line":15,"column":35}},"11":{"start":{"line":18,"column":0},"end":{"line":22,"column":2}},"12":{"start":{"line":19,"column":20},"end":{"line":19,"column":76}},"13":{"start":{"line":20,"column":4},"end":{"line":20,"column":60}},"14":{"start":{"line":20,"column":18},"end":{"line":20,"column":60}},"15":{"start":{"line":21,"column":4},"end":{"line":21,"column":19}},"16":{"start":{"line":24,"column":0},"end":{"line":28,"column":2}},"17":{"start":{"line":25,"column":20},"end":{"line":25,"column":55}},"18":{"start":{"line":26,"column":4},"end":{"line":26,"column":60}},"19":{"start":{"line":26,"column":18},"end":{"line":26,"column":60}},"20":{"start":{"line":27,"column":4},"end":{"line":27,"column":19}},"21":{"start":{"line":30,"column":0},"end":{"line":32,"column":2}},"22":{"start":{"line":31,"column":4},"end":{"line":31,"column":53}},"23":{"start":{"line":34,"column":0},"end":{"line":46,"column":2}},"24":{"start":{"line":35,"column":27},"end":{"line":35,"column":63}},"25":{"start":{"line":36,"column":4},"end":{"line":45,"column":8}},"26":{"start":{"line":36,"column":36},"end":{"line":45,"column":5}},"27":{"start":{"line":48,"column":0},"end":{"line":73,"column":2}},"28":{"start":{"line":49,"column":4},"end":{"line":51,"column":5}},"29":{"start":{"line":50,"column":8},"end":{"line":50,"column":45}},"30":{"start":{"line":53,"column":20},"end":{"line":53,"column":56}},"31":{"start":{"line":54,"column":4},"end":{"line":56,"column":5}},"32":{"start":{"line":55,"column":8},"end":{"line":55,"column":50}},"33":{"start":{"line":58,"column":4},"end":{"line":60,"column":5}},"34":{"start":{"line":59,"column":8},"end":{"line":59,"column":46}},"35":{"start":{"line":62,"column":4},"end":{"line":62,"column":30}},"36":{"start":{"line":63,"column":4},"end":{"line":63,"column":25}},"37":{"start":{"line":65,"column":23},"end":{"line":65,"column":61}},"38":{"start":{"line":67,"column":4},"end":{"line":72,"column":6}}},"fnMap":{"0":{"name":"(anonymous_0)","decl":{"start":{"line":3,"column":25},"end":{"line":3,"column":26}},"loc":{"start":{"line":3,"column":37},"end":{"line":5,"column":1}},"line":3},"1":{"name":"(anonymous_1)","decl":{"start":{"line":7,"column":25},"end":{"line":7,"column":26}},"loc":{"start":{"line":7,"column":39},"end":{"line":11,"column":1}},"line":7},"2":{"name":"(anonymous_2)","decl":{"start":{"line":13,"column":24},"end":{"line":13,"column":25}},"loc":{"start":{"line":13,"column":40},"end":{"line":16,"column":1}},"line":13},"3":{"name":"(anonymous_3)","decl":{"start":{"line":18,"column":24},"end":{"line":18,"column":25}},"loc":{"start":{"line":18,"column":44},"end":{"line":22,"column":1}},"line":18},"4":{"name":"(anonymous_4)","decl":{"start":{"line":24,"column":24},"end":{"line":24,"column":25}},"loc":{"start":{"line":24,"column":38},"end":{"line":28,"column":1}},"line":24},"5":{"name":"(anonymous_5)","decl":{"start":{"line":30,"column":31},"end":{"line":30,"column":32}},"loc":{"start":{"line":30,"column":43},"end":{"line":32,"column":1}},"line":30},"6":{"name":"(anonymous_6)","decl":{"start":{"line":34,"column":38},"end":{"line":34,"column":39}},"loc":{"start":{"line":34,"column":50},"end":{"line":46,"column":1}},"line":34},"7":{"name":"(anonymous_7)","decl":{"start":{"line":36,"column":30},"end":{"line":36,"column":31}},"loc":{"start":{"line":36,"column":36},"end":{"line":45,"column":5}},"line":36},"8":{"name":"(anonymous_8)","decl":{"start":{"line":48,"column":26},"end":{"line":48,"column":27}},"loc":{"start":{"line":48,"column":57},"end":{"line":73,"column":1}},"line":48}},"branchMap":{"0":{"loc":{"start":{"line":9,"column":4},"end":{"line":9,"column":60}},"type":"if","locations":[{"start":{"line":9,"column":4},"end":{"line":9,"column":60}},{"start":{},"end":{}}],"line":9},"1":{"loc":{"start":{"line":20,"column":4},"end":{"line":20,"column":60}},"type":"if","locations":[{"start":{"line":20,"column":4},"end":{"line":20,"column":60}},{"start":{},"end":{}}],"line":20},"2":{"loc":{"start":{"line":26,"column":4},"end":{"line":26,"column":60}},"type":"if","locations":[{"start":{"line":26,"column":4},"end":{"line":26,"column":60}},{"start":{},"end":{}}],"line":26},"3":{"loc":{"start":{"line":49,"column":4},"end":{"line":51,"column":5}},"type":"if","locations":[{"start":{"line":49,"column":4},"end":{"line":51,"column":5}},{"start":{},"end":{}}],"line":49},"4":{"loc":{"start":{"line":49,"column":8},"end":{"line":49,"column":34}},"type":"binary-expr","locations":[{"start":{"line":49,"column":8},"end":{"line":49,"column":17}},{"start":{"line":49,"column":21},"end":{"line":49,"column":34}}],"line":49},"5":{"loc":{"start":{"line":54,"column":4},"end":{"line":56,"column":5}},"type":"if","locations":[{"start":{"line":54,"column":4},"end":{"line":56,"column":5}},{"start":{},"end":{}}],"line":54},"6":{"loc":{"start":{"line":58,"column":4},"end":{"line":60,"column":5}},"type":"if","locations":[{"start":{"line":58,"column":4},"end":{"line":60,"column":5}},{"start":{},"end":{}}],"line":58}},"s":{"0":3,"1":3,"2":1,"3":3,"4":2,"5":2,"6":1,"7":1,"8":3,"9":1,"10":1,"11":3,"12":2,"13":2,"14":1,"15":1,"16":3,"17":2,"18":2,"19":1,"20":1,"21":3,"22":1,"23":3,"24":2,"25":2,"26":1,"27":3,"28":4,"29":1,"30":3,"31":3,"32":1,"33":2,"34":1,"35":1,"36":1,"37":1,"38":1},"f":{"0":1,"1":2,"2":1,"3":2,"4":2,"5":1,"6":2,"7":1,"8":4},"b":{"0":[1,1],"1":[1,1],"2":[1,1],"3":[1,3],"4":[4,3],"5":[1,2],"6":[1,1]},"_coverageSchema":"1a1c01bbd47fc00a2c39e90264f33305004495a9","hash":"4382134edb8d7257b1910575052c184e6258f570"}
,"C:\\Users\\NANDO\\Documents\\GitHub\\Proyecto-E-commerce\\Backend\\services\\shoppingCartService.js": {"path":"C:\\Users\\NANDO\\Documents\\GitHub\\Proyecto-E-commerce\\Backend\\services\\shoppingCartService.js","statementMap":{"0":{"start":{"line":1,"column":17},"end":{"line":1,"column":36}},"1":{"start":{"line":2,"column":21},"end":{"line":2,"column":54}},"2":{"start":{"line":5,"column":22},"end":{"line":5,"column":32}},"3":{"start":{"line":6,"column":4},"end":{"line":8,"column":5}},"4":{"start":{"line":7,"column":8},"end":{"line":7,"column":45}},"5":{"start":{"line":10,"column":4},"end":{"line":12,"column":5}},"6":{"start":{"line":11,"column":8},"end":{"line":11,"column":27}},"7":{"start":{"line":14,"column":4},"end":{"line":14,"column":16}},"8":{"start":{"line":17,"column":0},"end":{"line":20,"column":2}},"9":{"start":{"line":18,"column":17},"end":{"line":18,"column":39}},"10":{"start":{"line":19,"column":4},"end":{"line":19,"column":29}},"11":{"start":{"line":22,"column":0},"end":{"line":24,"column":2}},"12":{"start":{"line":23,"column":4},"end":{"line":23,"column":37}},"13":{"start":{"line":26,"column":0},"end":{"line":33,"column":2}},"14":{"start":{"line":27,"column":19},"end":{"line":27,"column":38}},"15":{"start":{"line":28,"column":4},"end":{"line":30,"column":5}},"16":{"start":{"line":29,"column":8},"end":{"line":29,"column":20}},"17":{"start":{"line":32,"column":4},"end":{"line":32,"column":46}},"18":{"start":{"line":35,"column":0},"end":{"line":42,"column":2}},"19":{"start":{"line":36,"column":19},"end":{"line":36,"column":38}},"20":{"start":{"line":37,"column":4},"end":{"line":39,"column":5}},"21":{"start":{"line":38,"column":8},"end":{"line":38,"column":20}},"22":{"start":{"line":41,"column":4},"end":{"line":41,"column":76}},"23":{"start":{"line":44,"column":0},"end":{"line":51,"column":2}},"24":{"start":{"line":45,"column":19},"end":{"line":45,"column":38}},"25":{"start":{"line":46,"column":4},"end":{"line":48,"column":5}},"26":{"start":{"line":47,"column":8},"end":{"line":47,"column":20}},"27":{"start":{"line":50,"column":4},"end":{"line":50,"column":55}},"28":{"start":{"line":53,"column":0},"end":{"line":55,"column":2}},"29":{"start":{"line":54,"column":4},"end":{"line":54,"column":64}}},"fnMap":{"0":{"name":"buildCartLookup","decl":{"start":{"line":4,"column":9},"end":{"line":4,"column":24}},"loc":{"start":{"line":4,"column":29},"end":{"line":15,"column":1}},"line":4},"1":{"name":"(anonymous_1)","decl":{"start":{"line":17,"column":29},"end":{"line":17,"column":30}},"loc":{"start":{"line":17,"column":45},"end":{"line":20,"column":1}},"line":17},"2":{"name":"(anonymous_2)","decl":{"start":{"line":22,"column":30},"end":{"line":22,"column":31}},"loc":{"start":{"line":22,"column":42},"end":{"line":24,"column":1}},"line":22},"3":{"name":"(anonymous_3)","decl":{"start":{"line":26,"column":30},"end":{"line":26,"column":31}},"loc":{"start":{"line":26,"column":44},"end":{"line":33,"column":1}},"line":26},"4":{"name":"(anonymous_4)","decl":{"start":{"line":35,"column":29},"end":{"line":35,"column":30}},"loc":{"start":{"line":35,"column":49},"end":{"line":42,"column":1}},"line":35},"5":{"name":"(anonymous_5)","decl":{"start":{"line":44,"column":29},"end":{"line":44,"column":30}},"loc":{"start":{"line":44,"column":43},"end":{"line":51,"column":1}},"line":44},"6":{"name":"(anonymous_6)","decl":{"start":{"line":53,"column":36},"end":{"line":53,"column":37}},"loc":{"start":{"line":53,"column":58},"end":{"line":55,"column":1}},"line":53}},"branchMap":{"0":{"loc":{"start":{"line":6,"column":4},"end":{"line":8,"column":5}},"type":"if","locations":[{"start":{"line":6,"column":4},"end":{"line":8,"column":5}},{"start":{},"end":{}}],"line":6},"1":{"loc":{"start":{"line":6,"column":8},"end":{"line":6,"column":77}},"type":"binary-expr","locations":[{"start":{"line":6,"column":8},"end":{"line":6,"column":34}},{"start":{"line":6,"column":38},"end":{"line":6,"column":77}}],"line":6},"2":{"loc":{"start":{"line":10,"column":4},"end":{"line":12,"column":5}},"type":"if","locations":[{"start":{"line":10,"column":4},"end":{"line":12,"column":5}},{"start":{},"end":{}}],"line":10},"3":{"loc":{"start":{"line":28,"column":4},"end":{"line":30,"column":5}},"type":"if","locations":[{"start":{"line":28,"column":4},"end":{"line":30,"column":5}},{"start":{},"end":{}}],"line":28},"4":{"loc":{"start":{"line":37,"column":4},"end":{"line":39,"column":5}},"type":"if","locations":[{"start":{"line":37,"column":4},"end":{"line":39,"column":5}},{"start":{},"end":{}}],"line":37},"5":{"loc":{"start":{"line":46,"column":4},"end":{"line":48,"column":5}},"type":"if","locations":[{"start":{"line":46,"column":4},"end":{"line":48,"column":5}},{"start":{},"end":{}}],"line":46}},"s":{"0":2,"1":2,"2":3,"3":3,"4":3,"5":0,"6":0,"7":0,"8":2,"9":1,"10":1,"11":2,"12":1,"13":2,"14":1,"15":1,"16":0,"17":1,"18":2,"19":1,"20":1,"21":0,"22":1,"23":2,"24":1,"25":1,"26":0,"27":1,"28":2,"29":1},"f":{"0":3,"1":1,"2":1,"3":1,"4":1,"5":1,"6":1},"b":{"0":[3,0],"1":[3,3],"2":[0,0],"3":[0,1],"4":[0,1],"5":[0,1]},"_coverageSchema":"1a1c01bbd47fc00a2c39e90264f33305004495a9","hash":"4db9632856bf82fae60d46d3041a5504fac5a5c9"}
}
