{"C:\\Users\\LENOVO\\Documents\\Archivo\\Proyecto-E-commerce\\Backend\\controllers\\categoryController.js": {"path":"C:\\Users\\LENOVO\\Documents\\Archivo\\Proyecto-E-commerce\\Backend\\controllers\\categoryController.js","statementMap":{"0":{"start":{"line":1,"column":24},"end":{"line":1,"column":62}},"1":{"start":{"line":3,"column":0},"end":{"line":10,"column":2}},"2":{"start":{"line":4,"column":2},"end":{"line":9,"column":3}},"3":{"start":{"line":5,"column":17},"end":{"line":5,"column":57}},"4":{"start":{"line":6,"column":4},"end":{"line":6,"column":19}},"5":{"start":{"line":8,"column":4},"end":{"line":8,"column":51}},"6":{"start":{"line":12,"column":0},"end":{"line":19,"column":2}},"7":{"start":{"line":13,"column":2},"end":{"line":18,"column":3}},"8":{"start":{"line":14,"column":21},"end":{"line":14,"column":73}},"9":{"start":{"line":15,"column":4},"end":{"line":15,"column":23}},"10":{"start":{"line":17,"column":4},"end":{"line":17,"column":51}},"11":{"start":{"line":21,"column":0},"end":{"line":28,"column":2}},"12":{"start":{"line":22,"column":2},"end":{"line":27,"column":3}},"13":{"start":{"line":23,"column":20},"end":{"line":23,"column":66}},"14":{"start":{"line":24,"column":4},"end":{"line":24,"column":34}},"15":{"start":{"line":26,"column":4},"end":{"line":26,"column":51}},"16":{"start":{"line":30,"column":0},"end":{"line":37,"column":2}},"17":{"start":{"line":31,"column":2},"end":{"line":36,"column":3}},"18":{"start":{"line":32,"column":20},"end":{"line":32,"column":81}},"19":{"start":{"line":33,"column":4},"end":{"line":33,"column":22}},"20":{"start":{"line":35,"column":4},"end":{"line":35,"column":51}},"21":{"start":{"line":39,"column":0},"end":{"line":46,"column":2}},"22":{"start":{"line":40,"column":2},"end":{"line":45,"column":3}},"23":{"start":{"line":41,"column":20},"end":{"line":41,"column":71}},"24":{"start":{"line":42,"column":4},"end":{"line":42,"column":65}},"25":{"start":{"line":44,"column":4},"end":{"line":44,"column":51}}},"fnMap":{"0":{"name":"(anonymous_0)","decl":{"start":{"line":3,"column":17},"end":{"line":3,"column":18}},"loc":{"start":{"line":3,"column":37},"end":{"line":10,"column":1}},"line":3},"1":{"name":"(anonymous_1)","decl":{"start":{"line":12,"column":18},"end":{"line":12,"column":19}},"loc":{"start":{"line":12,"column":38},"end":{"line":19,"column":1}},"line":12},"2":{"name":"(anonymous_2)","decl":{"start":{"line":21,"column":17},"end":{"line":21,"column":18}},"loc":{"start":{"line":21,"column":37},"end":{"line":28,"column":1}},"line":21},"3":{"name":"(anonymous_3)","decl":{"start":{"line":30,"column":17},"end":{"line":30,"column":18}},"loc":{"start":{"line":30,"column":37},"end":{"line":37,"column":1}},"line":30},"4":{"name":"(anonymous_4)","decl":{"start":{"line":39,"column":17},"end":{"line":39,"column":18}},"loc":{"start":{"line":39,"column":37},"end":{"line":46,"column":1}},"line":39}},"branchMap":{},"s":{"0":1,"1":1,"2":2,"3":2,"4":1,"5":1,"6":1,"7":2,"8":2,"9":1,"10":1,"11":1,"12":2,"13":2,"14":1,"15":1,"16":1,"17":2,"18":2,"19":1,"20":1,"21":1,"22":2,"23":2,"24":1,"25":1},"f":{"0":2,"1":2,"2":2,"3":2,"4":2},"b":{},"_coverageSchema":"1a1c01bbd47fc00a2c39e90264f33305004495a9","hash":"f81af2af1a326070432a80cdc5fe86a2d81ed3f2"}
,"C:\\Users\\LENOVO\\Documents\\Archivo\\Proyecto-E-commerce\\Backend\\controllers\\customerController.js": {"path":"C:\\Users\\LENOVO\\Documents\\Archivo\\Proyecto-E-commerce\\Backend\\controllers\\customerController.js","statementMap":{"0":{"start":{"line":1,"column":24},"end":{"line":1,"column":62}},"1":{"start":{"line":2,"column":17},"end":{"line":2,"column":46}},"2":{"start":{"line":4,"column":0},"end":{"line":7,"column":2}},"3":{"start":{"line":5,"column":20},"end":{"line":5,"column":51}},"4":{"start":{"line":6,"column":2},"end":{"line":6,"column":22}},"5":{"start":{"line":9,"column":0},"end":{"line":14,"column":2}},"6":{"start":{"line":10,"column":19},"end":{"line":10,"column":64}},"7":{"start":{"line":11,"column":2},"end":{"line":13,"column":62}},"8":{"start":{"line":16,"column":0},"end":{"line":19,"column":2}},"9":{"start":{"line":17,"column":22},"end":{"line":17,"column":60}},"10":{"start":{"line":18,"column":2},"end":{"line":18,"column":36}},"11":{"start":{"line":21,"column":0},"end":{"line":24,"column":2}},"12":{"start":{"line":22,"column":2},"end":{"line":22,"column":56}},"13":{"start":{"line":23,"column":2},"end":{"line":23,"column":57}},"14":{"start":{"line":26,"column":0},"end":{"line":29,"column":2}},"15":{"start":{"line":27,"column":2},"end":{"line":27,"column":46}},"16":{"start":{"line":28,"column":2},"end":{"line":28,"column":57}},"17":{"start":{"line":31,"column":0},"end":{"line":49,"column":2}},"18":{"start":{"line":32,"column":2},"end":{"line":48,"column":3}},"19":{"start":{"line":33,"column":28},"end":{"line":33,"column":36}},"20":{"start":{"line":34,"column":21},"end":{"line":38,"column":5}},"21":{"start":{"line":40,"column":4},"end":{"line":42,"column":5}},"22":{"start":{"line":41,"column":6},"end":{"line":41,"column":72}},"23":{"start":{"line":44,"column":4},"end":{"line":44,"column":68}},"24":{"start":{"line":46,"column":4},"end":{"line":46,"column":53}},"25":{"start":{"line":47,"column":4},"end":{"line":47,"column":65}},"26":{"start":{"line":51,"column":0},"end":{"line":64,"column":2}},"27":{"start":{"line":52,"column":2},"end":{"line":63,"column":3}},"28":{"start":{"line":53,"column":24},"end":{"line":53,"column":64}},"29":{"start":{"line":55,"column":4},"end":{"line":59,"column":5}},"30":{"start":{"line":56,"column":6},"end":{"line":56,"column":55}},"31":{"start":{"line":58,"column":6},"end":{"line":58,"column":58}},"32":{"start":{"line":61,"column":4},"end":{"line":61,"column":54}},"33":{"start":{"line":62,"column":4},"end":{"line":62,"column":66}}},"fnMap":{"0":{"name":"(anonymous_0)","decl":{"start":{"line":4,"column":17},"end":{"line":4,"column":18}},"loc":{"start":{"line":4,"column":37},"end":{"line":7,"column":1}},"line":4},"1":{"name":"(anonymous_1)","decl":{"start":{"line":9,"column":18},"end":{"line":9,"column":19}},"loc":{"start":{"line":9,"column":38},"end":{"line":14,"column":1}},"line":9},"2":{"name":"(anonymous_2)","decl":{"start":{"line":16,"column":17},"end":{"line":16,"column":18}},"loc":{"start":{"line":16,"column":37},"end":{"line":19,"column":1}},"line":16},"3":{"name":"(anonymous_3)","decl":{"start":{"line":21,"column":17},"end":{"line":21,"column":18}},"loc":{"start":{"line":21,"column":37},"end":{"line":24,"column":1}},"line":21},"4":{"name":"(anonymous_4)","decl":{"start":{"line":26,"column":17},"end":{"line":26,"column":18}},"loc":{"start":{"line":26,"column":37},"end":{"line":29,"column":1}},"line":26},"5":{"name":"(anonymous_5)","decl":{"start":{"line":31,"column":21},"end":{"line":31,"column":22}},"loc":{"start":{"line":31,"column":41},"end":{"line":49,"column":1}},"line":31},"6":{"name":"(anonymous_6)","decl":{"start":{"line":51,"column":27},"end":{"line":51,"column":28}},"loc":{"start":{"line":51,"column":47},"end":{"line":64,"column":1}},"line":51}},"branchMap":{"0":{"loc":{"start":{"line":11,"column":2},"end":{"line":13,"column":61}},"type":"cond-expr","locations":[{"start":{"line":12,"column":6},"end":{"line":12,"column":24}},{"start":{"line":13,"column":6},"end":{"line":13,"column":61}}],"line":11},"1":{"loc":{"start":{"line":40,"column":4},"end":{"line":42,"column":5}},"type":"if","locations":[{"start":{"line":40,"column":4},"end":{"line":42,"column":5}},{"start":{},"end":{}}],"line":40},"2":{"loc":{"start":{"line":55,"column":4},"end":{"line":59,"column":5}},"type":"if","locations":[{"start":{"line":55,"column":4},"end":{"line":59,"column":5}},{"start":{"line":57,"column":11},"end":{"line":59,"column":5}}],"line":55}},"s":{"0":2,"1":2,"2":2,"3":1,"4":1,"5":2,"6":2,"7":2,"8":2,"9":1,"10":1,"11":2,"12":1,"13":1,"14":2,"15":1,"16":1,"17":2,"18":3,"19":3,"20":3,"21":2,"22":1,"23":1,"24":1,"25":1,"26":2,"27":3,"28":3,"29":2,"30":1,"31":1,"32":1,"33":1},"f":{"0":1,"1":2,"2":1,"3":1,"4":1,"5":3,"6":3},"b":{"0":[1,1],"1":[1,1],"2":[1,1]},"_coverageSchema":"1a1c01bbd47fc00a2c39e90264f33305004495a9","hash":"7f9bbf9421e452d20c9e05c130f634394a0d2c3d"}
,"C:\\Users\\LENOVO\\Documents\\Archivo\\Proyecto-E-commerce\\Backend\\controllers\\productController.js": {"path":"C:\\Users\\LENOVO\\Documents\\Archivo\\Proyecto-E-commerce\\Backend\\controllers\\productController.js","statementMap":{"0":{"start":{"line":1,"column":23},"end":{"line":1,"column":60}},"1":{"start":{"line":3,"column":0},"end":{"line":10,"column":2}},"2":{"start":{"line":4,"column":4},"end":{"line":9,"column":5}},"3":{"start":{"line":5,"column":25},"end":{"line":5,"column":62}},"4":{"start":{"line":6,"column":8},"end":{"line":6,"column":27}},"5":{"start":{"line":8,"column":8},"end":{"line":8,"column":55}},"6":{"start":{"line":12,"column":0},"end":{"line":19,"column":2}},"7":{"start":{"line":13,"column":4},"end":{"line":18,"column":5}},"8":{"start":{"line":14,"column":24},"end":{"line":14,"column":74}},"9":{"start":{"line":15,"column":8},"end":{"line":15,"column":26}},"10":{"start":{"line":17,"column":8},"end":{"line":17,"column":55}},"11":{"start":{"line":21,"column":0},"end":{"line":28,"column":2}},"12":{"start":{"line":22,"column":4},"end":{"line":27,"column":5}},"13":{"start":{"line":23,"column":24},"end":{"line":23,"column":68}},"14":{"start":{"line":24,"column":8},"end":{"line":24,"column":38}},"15":{"start":{"line":26,"column":8},"end":{"line":26,"column":55}},"16":{"start":{"line":30,"column":0},"end":{"line":37,"column":2}},"17":{"start":{"line":31,"column":4},"end":{"line":36,"column":5}},"18":{"start":{"line":32,"column":24},"end":{"line":32,"column":83}},"19":{"start":{"line":33,"column":8},"end":{"line":33,"column":26}},"20":{"start":{"line":35,"column":8},"end":{"line":35,"column":55}},"21":{"start":{"line":39,"column":0},"end":{"line":46,"column":2}},"22":{"start":{"line":40,"column":4},"end":{"line":45,"column":5}},"23":{"start":{"line":41,"column":24},"end":{"line":41,"column":73}},"24":{"start":{"line":42,"column":8},"end":{"line":42,"column":70}},"25":{"start":{"line":44,"column":8},"end":{"line":44,"column":55}},"26":{"start":{"line":49,"column":0},"end":{"line":56,"column":2}},"27":{"start":{"line":50,"column":4},"end":{"line":55,"column":5}},"28":{"start":{"line":51,"column":25},"end":{"line":51,"column":68}},"29":{"start":{"line":52,"column":8},"end":{"line":52,"column":27}},"30":{"start":{"line":54,"column":8},"end":{"line":54,"column":55}},"31":{"start":{"line":58,"column":0},"end":{"line":65,"column":2}},"32":{"start":{"line":59,"column":4},"end":{"line":64,"column":5}},"33":{"start":{"line":60,"column":25},"end":{"line":60,"column":75}},"34":{"start":{"line":61,"column":8},"end":{"line":61,"column":27}},"35":{"start":{"line":63,"column":8},"end":{"line":63,"column":55}},"36":{"start":{"line":67,"column":0},"end":{"line":76,"column":2}},"37":{"start":{"line":68,"column":4},"end":{"line":75,"column":5}},"38":{"start":{"line":69,"column":30},"end":{"line":69,"column":40}},"39":{"start":{"line":70,"column":29},"end":{"line":70,"column":37}},"40":{"start":{"line":71,"column":23},"end":{"line":71,"column":80}},"41":{"start":{"line":72,"column":8},"end":{"line":72,"column":25}},"42":{"start":{"line":74,"column":8},"end":{"line":74,"column":55}}},"fnMap":{"0":{"name":"(anonymous_0)","decl":{"start":{"line":3,"column":17},"end":{"line":3,"column":18}},"loc":{"start":{"line":3,"column":37},"end":{"line":10,"column":1}},"line":3},"1":{"name":"(anonymous_1)","decl":{"start":{"line":12,"column":18},"end":{"line":12,"column":19}},"loc":{"start":{"line":12,"column":38},"end":{"line":19,"column":1}},"line":12},"2":{"name":"(anonymous_2)","decl":{"start":{"line":21,"column":17},"end":{"line":21,"column":18}},"loc":{"start":{"line":21,"column":37},"end":{"line":28,"column":1}},"line":21},"3":{"name":"(anonymous_3)","decl":{"start":{"line":30,"column":17},"end":{"line":30,"column":18}},"loc":{"start":{"line":30,"column":37},"end":{"line":37,"column":1}},"line":30},"4":{"name":"(anonymous_4)","decl":{"start":{"line":39,"column":17},"end":{"line":39,"column":18}},"loc":{"start":{"line":39,"column":37},"end":{"line":46,"column":1}},"line":39},"5":{"name":"(anonymous_5)","decl":{"start":{"line":49,"column":23},"end":{"line":49,"column":24}},"loc":{"start":{"line":49,"column":43},"end":{"line":56,"column":1}},"line":49},"6":{"name":"(anonymous_6)","decl":{"start":{"line":58,"column":30},"end":{"line":58,"column":31}},"loc":{"start":{"line":58,"column":50},"end":{"line":65,"column":1}},"line":58},"7":{"name":"(anonymous_7)","decl":{"start":{"line":67,"column":19},"end":{"line":67,"column":20}},"loc":{"start":{"line":67,"column":39},"end":{"line":76,"column":1}},"line":67}},"branchMap":{},"s":{"0":2,"1":2,"2":2,"3":2,"4":1,"5":1,"6":2,"7":3,"8":3,"9":1,"10":2,"11":2,"12":2,"13":2,"14":1,"15":1,"16":2,"17":2,"18":2,"19":1,"20":1,"21":2,"22":2,"23":2,"24":1,"25":1,"26":2,"27":2,"28":2,"29":1,"30":1,"31":2,"32":2,"33":2,"34":1,"35":1,"36":2,"37":2,"38":2,"39":2,"40":2,"41":1,"42":1},"f":{"0":2,"1":3,"2":2,"3":2,"4":2,"5":2,"6":2,"7":2},"b":{},"_coverageSchema":"1a1c01bbd47fc00a2c39e90264f33305004495a9","hash":"5af37545ebcd205a27e77fb83a10ab99a7bcf6b1"}
,"C:\\Users\\LENOVO\\Documents\\Archivo\\Proyecto-E-commerce\\Backend\\controllers\\shoppingCartController.js": {"path":"C:\\Users\\LENOVO\\Documents\\Archivo\\Proyecto-E-commerce\\Backend\\controllers\\shoppingCartController.js","statementMap":{"0":{"start":{"line":1,"column":28},"end":{"line":1,"column":70}},"1":{"start":{"line":4,"column":0},"end":{"line":11,"column":2}},"2":{"start":{"line":5,"column":2},"end":{"line":10,"column":3}},"3":{"start":{"line":6,"column":17},"end":{"line":6,"column":71}},"4":{"start":{"line":7,"column":4},"end":{"line":7,"column":31}},"5":{"start":{"line":9,"column":4},"end":{"line":9,"column":49}},"6":{"start":{"line":13,"column":0},"end":{"line":16,"column":2}},"7":{"start":{"line":14,"column":16},"end":{"line":14,"column":63}},"8":{"start":{"line":15,"column":2},"end":{"line":15,"column":18}},"9":{"start":{"line":18,"column":0},"end":{"line":22,"column":2}},"10":{"start":{"line":19,"column":15},"end":{"line":19,"column":75}},"11":{"start":{"line":20,"column":2},"end":{"line":20,"column":65}},"12":{"start":{"line":20,"column":13},"end":{"line":20,"column":65}},"13":{"start":{"line":21,"column":2},"end":{"line":21,"column":17}},"14":{"start":{"line":24,"column":0},"end":{"line":28,"column":2}},"15":{"start":{"line":25,"column":15},"end":{"line":25,"column":84}},"16":{"start":{"line":26,"column":2},"end":{"line":26,"column":65}},"17":{"start":{"line":26,"column":13},"end":{"line":26,"column":65}},"18":{"start":{"line":27,"column":2},"end":{"line":27,"column":17}},"19":{"start":{"line":30,"column":0},"end":{"line":34,"column":2}},"20":{"start":{"line":31,"column":15},"end":{"line":31,"column":74}},"21":{"start":{"line":32,"column":2},"end":{"line":32,"column":65}},"22":{"start":{"line":32,"column":13},"end":{"line":32,"column":65}},"23":{"start":{"line":33,"column":2},"end":{"line":33,"column":35}},"24":{"start":{"line":36,"column":0},"end":{"line":41,"column":2}},"25":{"start":{"line":37,"column":21},"end":{"line":37,"column":42}},"26":{"start":{"line":38,"column":15},"end":{"line":38,"column":78}},"27":{"start":{"line":39,"column":2},"end":{"line":39,"column":77}},"28":{"start":{"line":39,"column":13},"end":{"line":39,"column":77}},"29":{"start":{"line":40,"column":2},"end":{"line":40,"column":17}}},"fnMap":{"0":{"name":"(anonymous_0)","decl":{"start":{"line":4,"column":17},"end":{"line":4,"column":18}},"loc":{"start":{"line":4,"column":37},"end":{"line":11,"column":1}},"line":4},"1":{"name":"(anonymous_1)","decl":{"start":{"line":13,"column":17},"end":{"line":13,"column":18}},"loc":{"start":{"line":13,"column":37},"end":{"line":16,"column":1}},"line":13},"2":{"name":"(anonymous_2)","decl":{"start":{"line":18,"column":18},"end":{"line":18,"column":19}},"loc":{"start":{"line":18,"column":38},"end":{"line":22,"column":1}},"line":18},"3":{"name":"(anonymous_3)","decl":{"start":{"line":24,"column":17},"end":{"line":24,"column":18}},"loc":{"start":{"line":24,"column":37},"end":{"line":28,"column":1}},"line":24},"4":{"name":"(anonymous_4)","decl":{"start":{"line":30,"column":17},"end":{"line":30,"column":18}},"loc":{"start":{"line":30,"column":37},"end":{"line":34,"column":1}},"line":30},"5":{"name":"(anonymous_5)","decl":{"start":{"line":36,"column":24},"end":{"line":36,"column":25}},"loc":{"start":{"line":36,"column":44},"end":{"line":41,"column":1}},"line":36}},"branchMap":{"0":{"loc":{"start":{"line":20,"column":2},"end":{"line":20,"column":65}},"type":"if","locations":[{"start":{"line":20,"column":2},"end":{"line":20,"column":65}},{"start":{},"end":{}}],"line":20},"1":{"loc":{"start":{"line":26,"column":2},"end":{"line":26,"column":65}},"type":"if","locations":[{"start":{"line":26,"column":2},"end":{"line":26,"column":65}},{"start":{},"end":{}}],"line":26},"2":{"loc":{"start":{"line":32,"column":2},"end":{"line":32,"column":65}},"type":"if","locations":[{"start":{"line":32,"column":2},"end":{"line":32,"column":65}},{"start":{},"end":{}}],"line":32},"3":{"loc":{"start":{"line":39,"column":2},"end":{"line":39,"column":77}},"type":"if","locations":[{"start":{"line":39,"column":2},"end":{"line":39,"column":77}},{"start":{},"end":{}}],"line":39}},"s":{"0":1,"1":1,"2":6,"3":6,"4":3,"5":3,"6":1,"7":3,"8":3,"9":1,"10":2,"11":2,"12":1,"13":1,"14":1,"15":4,"16":4,"17":1,"18":3,"19":1,"20":2,"21":2,"22":1,"23":1,"24":1,"25":2,"26":2,"27":2,"28":1,"29":1},"f":{"0":6,"1":3,"2":2,"3":4,"4":2,"5":2},"b":{"0":[1,1],"1":[1,3],"2":[1,1],"3":[1,1]},"_coverageSchema":"1a1c01bbd47fc00a2c39e90264f33305004495a9","hash":"5010c996852f732c3b3c0486b0cd504eadf76a7a"}
,"C:\\Users\\LENOVO\\Documents\\Archivo\\Proyecto-E-commerce\\Backend\\middlewares\\basicAuth.js": {"path":"C:\\Users\\LENOVO\\Documents\\Archivo\\Proyecto-E-commerce\\Backend\\middlewares\\basicAuth.js","statementMap":{"0":{"start":{"line":1,"column":0},"end":{"line":1,"column":27}},"1":{"start":{"line":3,"column":18},"end":{"line":27,"column":1}},"2":{"start":{"line":4,"column":21},"end":{"line":4,"column":46}},"3":{"start":{"line":6,"column":2},"end":{"line":9,"column":3}},"4":{"start":{"line":7,"column":4},"end":{"line":7,"column":71}},"5":{"start":{"line":8,"column":4},"end":{"line":8,"column":60}},"6":{"start":{"line":11,"column":31},"end":{"line":13,"column":15}},"7":{"start":{"line":15,"column":21},"end":{"line":15,"column":43}},"8":{"start":{"line":16,"column":21},"end":{"line":16,"column":43}},"9":{"start":{"line":18,"column":2},"end":{"line":18,"column":68}},"10":{"start":{"line":19,"column":2},"end":{"line":19,"column":61}},"11":{"start":{"line":21,"column":2},"end":{"line":26,"column":3}},"12":{"start":{"line":22,"column":4},"end":{"line":22,"column":11}},"13":{"start":{"line":24,"column":4},"end":{"line":24,"column":71}},"14":{"start":{"line":25,"column":4},"end":{"line":25,"column":58}},"15":{"start":{"line":29,"column":0},"end":{"line":29,"column":27}}},"fnMap":{"0":{"name":"(anonymous_0)","decl":{"start":{"line":3,"column":18},"end":{"line":3,"column":19}},"loc":{"start":{"line":3,"column":38},"end":{"line":27,"column":1}},"line":3}},"branchMap":{"0":{"loc":{"start":{"line":6,"column":2},"end":{"line":9,"column":3}},"type":"if","locations":[{"start":{"line":6,"column":2},"end":{"line":9,"column":3}},{"start":{},"end":{}}],"line":6},"1":{"loc":{"start":{"line":21,"column":2},"end":{"line":26,"column":3}},"type":"if","locations":[{"start":{"line":21,"column":2},"end":{"line":26,"column":3}},{"start":{"line":23,"column":9},"end":{"line":26,"column":3}}],"line":21},"2":{"loc":{"start":{"line":21,"column":6},"end":{"line":21,"column":56}},"type":"binary-expr","locations":[{"start":{"line":21,"column":6},"end":{"line":21,"column":29}},{"start":{"line":21,"column":33},"end":{"line":21,"column":56}}],"line":21}},"s":{"0":1,"1":1,"2":3,"3":3,"4":1,"5":1,"6":2,"7":2,"8":2,"9":2,"10":2,"11":2,"12":1,"13":1,"14":1,"15":1},"f":{"0":3},"b":{"0":[1,2],"1":[1,1],"2":[2,1]},"_coverageSchema":"1a1c01bbd47fc00a2c39e90264f33305004495a9","hash":"9e54280bdc0e6edb0cc48d3ef1d4c6c6bdf4a7cd"}
,"C:\\Users\\LENOVO\\Documents\\Archivo\\Proyecto-E-commerce\\Backend\\middlewares\\errorHandler.js": {"path":"C:\\Users\\LENOVO\\Documents\\Archivo\\Proyecto-E-commerce\\Backend\\middlewares\\errorHandler.js","statementMap":{"0":{"start":{"line":1,"column":21},"end":{"line":11,"column":1}},"1":{"start":{"line":2,"column":2},"end":{"line":2,"column":55}},"2":{"start":{"line":4,"column":21},"end":{"line":4,"column":84}},"3":{"start":{"line":6,"column":2},"end":{"line":10,"column":5}},"4":{"start":{"line":13,"column":0},"end":{"line":13,"column":30}}},"fnMap":{"0":{"name":"(anonymous_0)","decl":{"start":{"line":1,"column":21},"end":{"line":1,"column":22}},"loc":{"start":{"line":1,"column":46},"end":{"line":11,"column":1}},"line":1}},"branchMap":{"0":{"loc":{"start":{"line":2,"column":29},"end":{"line":2,"column":53}},"type":"binary-expr","locations":[{"start":{"line":2,"column":29},"end":{"line":2,"column":38}},{"start":{"line":2,"column":42},"end":{"line":2,"column":53}}],"line":2},"1":{"loc":{"start":{"line":4,"column":21},"end":{"line":4,"column":84}},"type":"cond-expr","locations":[{"start":{"line":4,"column":64},"end":{"line":4,"column":78}},{"start":{"line":4,"column":81},"end":{"line":4,"column":84}}],"line":4},"2":{"loc":{"start":{"line":4,"column":21},"end":{"line":4,"column":61}},"type":"binary-expr","locations":[{"start":{"line":4,"column":21},"end":{"line":4,"column":35}},{"start":{"line":4,"column":39},"end":{"line":4,"column":61}}],"line":4},"3":{"loc":{"start":{"line":8,"column":13},"end":{"line":8,"column":56}},"type":"binary-expr","locations":[{"start":{"line":8,"column":13},"end":{"line":8,"column":24}},{"start":{"line":8,"column":28},"end":{"line":8,"column":56}}],"line":8},"4":{"loc":{"start":{"line":9,"column":11},"end":{"line":9,"column":73}},"type":"cond-expr","locations":[{"start":{"line":9,"column":52},"end":{"line":9,"column":61}},{"start":{"line":9,"column":64},"end":{"line":9,"column":73}}],"line":9}},"s":{"0":1,"1":5,"2":5,"3":5,"4":1},"f":{"0":5},"b":{"0":[5,1],"1":[1,4],"2":[5,4],"3":[5,1],"4":[1,4]},"_coverageSchema":"1a1c01bbd47fc00a2c39e90264f33305004495a9","hash":"d182f8e6c37b8eb9e41bb4c03ba544f1a5322fb5"}
,"C:\\Users\\LENOVO\\Documents\\Archivo\\Proyecto-E-commerce\\Backend\\models\\category.js": {"path":"C:\\Users\\LENOVO\\Documents\\Archivo\\Proyecto-E-commerce\\Backend\\models\\category.js","statementMap":{"0":{"start":{"line":1,"column":17},"end":{"line":1,"column":36}},"1":{"start":{"line":3,"column":23},"end":{"line":9,"column":2}},"2":{"start":{"line":11,"column":0},"end":{"line":11,"column":60}}},"fnMap":{},"branchMap":{},"s":{"0":2,"1":2,"2":2},"f":{},"b":{},"_coverageSchema":"1a1c01bbd47fc00a2c39e90264f33305004495a9","hash":"d4f6c97fb3069fc3588da45d9965ef9599c8bece"}
,"C:\\Users\\LENOVO\\Documents\\Archivo\\Proyecto-E-commerce\\Backend\\models\\customer.js": {"path":"C:\\Users\\LENOVO\\Documents\\Archivo\\Proyecto-E-commerce\\Backend\\models\\customer.js","statementMap":{"0":{"start":{"line":1,"column":17},"end":{"line":1,"column":36}},"1":{"start":{"line":2,"column":15},"end":{"line":2,"column":34}},"2":{"start":{"line":4,"column":23},"end":{"line":19,"column":1}},"3":{"start":{"line":21,"column":0},"end":{"line":31,"column":3}},"4":{"start":{"line":22,"column":4},"end":{"line":22,"column":52}},"5":{"start":{"line":22,"column":38},"end":{"line":22,"column":52}},"6":{"start":{"line":24,"column":4},"end":{"line":30,"column":5}},"7":{"start":{"line":25,"column":21},"end":{"line":25,"column":45}},"8":{"start":{"line":26,"column":8},"end":{"line":26,"column":63}},"9":{"start":{"line":27,"column":8},"end":{"line":27,"column":15}},"10":{"start":{"line":29,"column":8},"end":{"line":29,"column":18}},"11":{"start":{"line":33,"column":0},"end":{"line":35,"column":2}},"12":{"start":{"line":34,"column":4},"end":{"line":34,"column":60}},"13":{"start":{"line":37,"column":17},"end":{"line":37,"column":59}},"14":{"start":{"line":38,"column":0},"end":{"line":38,"column":26}}},"fnMap":{"0":{"name":"(anonymous_0)","decl":{"start":{"line":21,"column":27},"end":{"line":21,"column":28}},"loc":{"start":{"line":21,"column":49},"end":{"line":31,"column":1}},"line":21},"1":{"name":"(anonymous_1)","decl":{"start":{"line":33,"column":41},"end":{"line":33,"column":42}},"loc":{"start":{"line":33,"column":76},"end":{"line":35,"column":1}},"line":33}},"branchMap":{"0":{"loc":{"start":{"line":22,"column":4},"end":{"line":22,"column":52}},"type":"if","locations":[{"start":{"line":22,"column":4},"end":{"line":22,"column":52}},{"start":{},"end":{}}],"line":22}},"s":{"0":5,"1":5,"2":5,"3":5,"4":3,"5":1,"6":2,"7":2,"8":1,"9":1,"10":1,"11":5,"12":1,"13":5,"14":5},"f":{"0":3,"1":1},"b":{"0":[1,2]},"_coverageSchema":"1a1c01bbd47fc00a2c39e90264f33305004495a9","hash":"0e0dc6995fdfe4d0dc95f7f54789bf0c256e9cf7"}
,"C:\\Users\\LENOVO\\Documents\\Archivo\\Proyecto-E-commerce\\Backend\\models\\product.js": {"path":"C:\\Users\\LENOVO\\Documents\\Archivo\\Proyecto-E-commerce\\Backend\\models\\product.js","statementMap":{"0":{"start":{"line":1,"column":17},"end":{"line":1,"column":36}},"1":{"start":{"line":3,"column":22},"end":{"line":15,"column":2}},"2":{"start":{"line":17,"column":0},"end":{"line":17,"column":58}}},"fnMap":{},"branchMap":{},"s":{"0":3,"1":3,"2":3},"f":{},"b":{},"_coverageSchema":"1a1c01bbd47fc00a2c39e90264f33305004495a9","hash":"fe7f4eaf5497e1fb950a464d9b2b577d5d33716f"}
,"C:\\Users\\LENOVO\\Documents\\Archivo\\Proyecto-E-commerce\\Backend\\models\\shoppingCart.js": {"path":"C:\\Users\\LENOVO\\Documents\\Archivo\\Proyecto-E-commerce\\Backend\\models\\shoppingCart.js","statementMap":{"0":{"start":{"line":1,"column":17},"end":{"line":1,"column":36}},"1":{"start":{"line":2,"column":29},"end":{"line":2,"column":57}},"2":{"start":{"line":4,"column":22},"end":{"line":4,"column":52}},"3":{"start":{"line":6,"column":27},"end":{"line":26,"column":24}},"4":{"start":{"line":29,"column":0},"end":{"line":29,"column":74}},"5":{"start":{"line":30,"column":0},"end":{"line":30,"column":68}}},"fnMap":{},"branchMap":{},"s":{"0":2,"1":2,"2":2,"3":2,"4":2,"5":2},"f":{},"b":{},"_coverageSchema":"1a1c01bbd47fc00a2c39e90264f33305004495a9","hash":"9ccf9bde798b6f0fddca27f472481aaf1efc9426"}
,"C:\\Users\\LENOVO\\Documents\\Archivo\\Proyecto-E-commerce\\Backend\\routes\\categoryRoutes.js": {"path":"C:\\Users\\LENOVO\\Documents\\Archivo\\Proyecto-E-commerce\\Backend\\routes\\categoryRoutes.js","statementMap":{"0":{"start":{"line":1,"column":16},"end":{"line":1,"column":34}},"1":{"start":{"line":2,"column":15},"end":{"line":2,"column":31}},"2":{"start":{"line":3,"column":27},"end":{"line":3,"column":71}},"3":{"start":{"line":5,"column":0},"end":{"line":5,"column":43}},"4":{"start":{"line":6,"column":0},"end":{"line":6,"column":47}},"5":{"start":{"line":7,"column":0},"end":{"line":7,"column":44}},"6":{"start":{"line":8,"column":0},"end":{"line":8,"column":46}},"7":{"start":{"line":9,"column":0},"end":{"line":9,"column":49}},"8":{"start":{"line":11,"column":0},"end":{"line":11,"column":24}}},"fnMap":{},"branchMap":{},"s":{"0":1,"1":1,"2":1,"3":1,"4":1,"5":1,"6":1,"7":1,"8":1},"f":{},"b":{},"_coverageSchema":"1a1c01bbd47fc00a2c39e90264f33305004495a9","hash":"3e77ab2eada0e8c3f5d0859d2663da6b563681c3"}
,"C:\\Users\\LENOVO\\Documents\\Archivo\\Proyecto-E-commerce\\Backend\\routes\\customerRoutes.js": {"path":"C:\\Users\\LENOVO\\Documents\\Archivo\\Proyecto-E-commerce\\Backend\\routes\\customerRoutes.js","statementMap":{"0":{"start":{"line":1,"column":16},"end":{"line":1,"column":34}},"1":{"start":{"line":2,"column":15},"end":{"line":2,"column":31}},"2":{"start":{"line":3,"column":19},"end":{"line":3,"column":63}},"3":{"start":{"line":4,"column":23},"end":{"line":4,"column":67}},"4":{"start":{"line":5,"column":29},"end":{"line":5,"column":73}},"5":{"start":{"line":7,"column":0},"end":{"line":7,"column":35}},"6":{"start":{"line":8,"column":0},"end":{"line":8,"column":45}},"7":{"start":{"line":9,"column":0},"end":{"line":9,"column":39}},"8":{"start":{"line":10,"column":0},"end":{"line":10,"column":39}},"9":{"start":{"line":11,"column":0},"end":{"line":11,"column":36}},"10":{"start":{"line":12,"column":0},"end":{"line":12,"column":38}},"11":{"start":{"line":13,"column":0},"end":{"line":13,"column":41}},"12":{"start":{"line":15,"column":0},"end":{"line":15,"column":24}}},"fnMap":{},"branchMap":{},"s":{"0":1,"1":1,"2":1,"3":1,"4":1,"5":1,"6":1,"7":1,"8":1,"9":1,"10":1,"11":1,"12":1},"f":{},"b":{},"_coverageSchema":"1a1c01bbd47fc00a2c39e90264f33305004495a9","hash":"c3298f9a6b6f6f2f117f347fc5d5be22c85e59ce"}
,"C:\\Users\\LENOVO\\Documents\\Archivo\\Proyecto-E-commerce\\Backend\\routes\\productRoutes.js": {"path":"C:\\Users\\LENOVO\\Documents\\Archivo\\Proyecto-E-commerce\\Backend\\routes\\productRoutes.js","statementMap":{"0":{"start":{"line":1,"column":16},"end":{"line":1,"column":34}},"1":{"start":{"line":2,"column":15},"end":{"line":2,"column":31}},"2":{"start":{"line":3,"column":26},"end":{"line":3,"column":69}},"3":{"start":{"line":6,"column":0},"end":{"line":6,"column":65}},"4":{"start":{"line":7,"column":0},"end":{"line":7,"column":73}},"5":{"start":{"line":8,"column":0},"end":{"line":8,"column":73}},"6":{"start":{"line":10,"column":0},"end":{"line":10,"column":42}},"7":{"start":{"line":11,"column":0},"end":{"line":11,"column":46}},"8":{"start":{"line":12,"column":0},"end":{"line":12,"column":43}},"9":{"start":{"line":13,"column":0},"end":{"line":13,"column":45}},"10":{"start":{"line":14,"column":0},"end":{"line":14,"column":48}},"11":{"start":{"line":17,"column":0},"end":{"line":17,"column":24}}},"fnMap":{},"branchMap":{},"s":{"0":1,"1":1,"2":1,"3":1,"4":1,"5":1,"6":1,"7":1,"8":1,"9":1,"10":1,"11":1},"f":{},"b":{},"_coverageSchema":"1a1c01bbd47fc00a2c39e90264f33305004495a9","hash":"97d6a2dcd42aeefed48fa3393cfb70c8e4c7c85d"}
,"C:\\Users\\LENOVO\\Documents\\Archivo\\Proyecto-E-commerce\\Backend\\routes\\shoppingCartRoutes.js": {"path":"C:\\Users\\LENOVO\\Documents\\Archivo\\Proyecto-E-commerce\\Backend\\routes\\shoppingCartRoutes.js","statementMap":{"0":{"start":{"line":1,"column":16},"end":{"line":1,"column":34}},"1":{"start":{"line":2,"column":15},"end":{"line":2,"column":31}},"2":{"start":{"line":3,"column":31},"end":{"line":3,"column":79}},"3":{"start":{"line":5,"column":0},"end":{"line":5,"column":48}},"4":{"start":{"line":6,"column":0},"end":{"line":6,"column":47}},"5":{"start":{"line":7,"column":0},"end":{"line":7,"column":51}},"6":{"start":{"line":8,"column":0},"end":{"line":8,"column":50}},"7":{"start":{"line":9,"column":0},"end":{"line":9,"column":53}},"8":{"start":{"line":10,"column":0},"end":{"line":10,"column":74}},"9":{"start":{"line":12,"column":0},"end":{"line":12,"column":24}}},"fnMap":{},"branchMap":{},"s":{"0":1,"1":1,"2":1,"3":1,"4":1,"5":1,"6":1,"7":1,"8":1,"9":1},"f":{},"b":{},"_coverageSchema":"1a1c01bbd47fc00a2c39e90264f33305004495a9","hash":"55ee7a6343d97b67bd7de252df2c690737cc5362"}
,"C:\\Users\\LENOVO\\Documents\\Archivo\\Proyecto-E-commerce\\Backend\\services\\categoryService.js": {"path":"C:\\Users\\LENOVO\\Documents\\Archivo\\Proyecto-E-commerce\\Backend\\services\\categoryService.js","statementMap":{"0":{"start":{"line":1,"column":17},"end":{"line":1,"column":46}},"1":{"start":{"line":3,"column":0},"end":{"line":3,"column":55}},"2":{"start":{"line":3,"column":39},"end":{"line":3,"column":54}},"3":{"start":{"line":5,"column":0},"end":{"line":9,"column":2}},"4":{"start":{"line":6,"column":19},"end":{"line":6,"column":46}},"5":{"start":{"line":7,"column":2},"end":{"line":7,"column":55}},"6":{"start":{"line":7,"column":17},"end":{"line":7,"column":55}},"7":{"start":{"line":8,"column":2},"end":{"line":8,"column":18}},"8":{"start":{"line":11,"column":0},"end":{"line":14,"column":2}},"9":{"start":{"line":12,"column":22},"end":{"line":12,"column":40}},"10":{"start":{"line":13,"column":2},"end":{"line":13,"column":34}},"11":{"start":{"line":16,"column":0},"end":{"line":20,"column":2}},"12":{"start":{"line":17,"column":18},"end":{"line":17,"column":75}},"13":{"start":{"line":18,"column":2},"end":{"line":18,"column":54}},"14":{"start":{"line":18,"column":16},"end":{"line":18,"column":54}},"15":{"start":{"line":19,"column":2},"end":{"line":19,"column":17}},"16":{"start":{"line":22,"column":0},"end":{"line":26,"column":2}},"17":{"start":{"line":23,"column":18},"end":{"line":23,"column":54}},"18":{"start":{"line":24,"column":2},"end":{"line":24,"column":54}},"19":{"start":{"line":24,"column":16},"end":{"line":24,"column":54}},"20":{"start":{"line":25,"column":2},"end":{"line":25,"column":17}}},"fnMap":{"0":{"name":"(anonymous_0)","decl":{"start":{"line":3,"column":27},"end":{"line":3,"column":28}},"loc":{"start":{"line":3,"column":39},"end":{"line":3,"column":54}},"line":3},"1":{"name":"(anonymous_1)","decl":{"start":{"line":5,"column":26},"end":{"line":5,"column":27}},"loc":{"start":{"line":5,"column":40},"end":{"line":9,"column":1}},"line":5},"2":{"name":"(anonymous_2)","decl":{"start":{"line":11,"column":25},"end":{"line":11,"column":26}},"loc":{"start":{"line":11,"column":41},"end":{"line":14,"column":1}},"line":11},"3":{"name":"(anonymous_3)","decl":{"start":{"line":16,"column":25},"end":{"line":16,"column":26}},"loc":{"start":{"line":16,"column":45},"end":{"line":20,"column":1}},"line":16},"4":{"name":"(anonymous_4)","decl":{"start":{"line":22,"column":25},"end":{"line":22,"column":26}},"loc":{"start":{"line":22,"column":39},"end":{"line":26,"column":1}},"line":22}},"branchMap":{"0":{"loc":{"start":{"line":7,"column":2},"end":{"line":7,"column":55}},"type":"if","locations":[{"start":{"line":7,"column":2},"end":{"line":7,"column":55}},{"start":{},"end":{}}],"line":7},"1":{"loc":{"start":{"line":18,"column":2},"end":{"line":18,"column":54}},"type":"if","locations":[{"start":{"line":18,"column":2},"end":{"line":18,"column":54}},{"start":{},"end":{}}],"line":18},"2":{"loc":{"start":{"line":24,"column":2},"end":{"line":24,"column":54}},"type":"if","locations":[{"start":{"line":24,"column":2},"end":{"line":24,"column":54}},{"start":{},"end":{}}],"line":24}},"s":{"0":2,"1":2,"2":1,"3":2,"4":2,"5":2,"6":1,"7":1,"8":2,"9":1,"10":1,"11":2,"12":2,"13":2,"14":1,"15":1,"16":2,"17":2,"18":2,"19":1,"20":1},"f":{"0":1,"1":2,"2":1,"3":2,"4":2},"b":{"0":[1,1],"1":[1,1],"2":[1,1]},"_coverageSchema":"1a1c01bbd47fc00a2c39e90264f33305004495a9","hash":"8d784cd709276bd556f7f530c802281ebbe6a0c1"}
,"C:\\Users\\LENOVO\\Documents\\Archivo\\Proyecto-E-commerce\\Backend\\services\\customerService.js": {"path":"C:\\Users\\LENOVO\\Documents\\Archivo\\Proyecto-E-commerce\\Backend\\services\\customerService.js","statementMap":{"0":{"start":{"line":1,"column":17},"end":{"line":1,"column":46}},"1":{"start":{"line":3,"column":0},"end":{"line":3,"column":40}},"2":{"start":{"line":3,"column":24},"end":{"line":3,"column":39}},"3":{"start":{"line":5,"column":0},"end":{"line":9,"column":2}},"4":{"start":{"line":6,"column":19},"end":{"line":6,"column":46}},"5":{"start":{"line":7,"column":2},"end":{"line":7,"column":55}},"6":{"start":{"line":7,"column":17},"end":{"line":7,"column":55}},"7":{"start":{"line":8,"column":2},"end":{"line":8,"column":18}},"8":{"start":{"line":11,"column":0},"end":{"line":11,"column":49}},"9":{"start":{"line":11,"column":27},"end":{"line":11,"column":48}},"10":{"start":{"line":13,"column":0},"end":{"line":17,"column":2}},"11":{"start":{"line":14,"column":18},"end":{"line":14,"column":75}},"12":{"start":{"line":15,"column":2},"end":{"line":15,"column":54}},"13":{"start":{"line":15,"column":16},"end":{"line":15,"column":54}},"14":{"start":{"line":16,"column":2},"end":{"line":16,"column":17}},"15":{"start":{"line":19,"column":0},"end":{"line":23,"column":2}},"16":{"start":{"line":20,"column":18},"end":{"line":20,"column":54}},"17":{"start":{"line":21,"column":2},"end":{"line":21,"column":54}},"18":{"start":{"line":21,"column":16},"end":{"line":21,"column":54}},"19":{"start":{"line":22,"column":2},"end":{"line":22,"column":17}}},"fnMap":{"0":{"name":"(anonymous_0)","decl":{"start":{"line":3,"column":18},"end":{"line":3,"column":19}},"loc":{"start":{"line":3,"column":24},"end":{"line":3,"column":39}},"line":3},"1":{"name":"(anonymous_1)","decl":{"start":{"line":5,"column":19},"end":{"line":5,"column":20}},"loc":{"start":{"line":5,"column":33},"end":{"line":9,"column":1}},"line":5},"2":{"name":"(anonymous_2)","decl":{"start":{"line":11,"column":17},"end":{"line":11,"column":18}},"loc":{"start":{"line":11,"column":27},"end":{"line":11,"column":48}},"line":11},"3":{"name":"(anonymous_3)","decl":{"start":{"line":13,"column":17},"end":{"line":13,"column":18}},"loc":{"start":{"line":13,"column":37},"end":{"line":17,"column":1}},"line":13},"4":{"name":"(anonymous_4)","decl":{"start":{"line":19,"column":17},"end":{"line":19,"column":18}},"loc":{"start":{"line":19,"column":31},"end":{"line":23,"column":1}},"line":19}},"branchMap":{"0":{"loc":{"start":{"line":7,"column":2},"end":{"line":7,"column":55}},"type":"if","locations":[{"start":{"line":7,"column":2},"end":{"line":7,"column":55}},{"start":{},"end":{}}],"line":7},"1":{"loc":{"start":{"line":15,"column":2},"end":{"line":15,"column":54}},"type":"if","locations":[{"start":{"line":15,"column":2},"end":{"line":15,"column":54}},{"start":{},"end":{}}],"line":15},"2":{"loc":{"start":{"line":21,"column":2},"end":{"line":21,"column":54}},"type":"if","locations":[{"start":{"line":21,"column":2},"end":{"line":21,"column":54}},{"start":{},"end":{}}],"line":21}},"s":{"0":3,"1":3,"2":1,"3":3,"4":2,"5":2,"6":1,"7":1,"8":3,"9":1,"10":3,"11":2,"12":2,"13":1,"14":1,"15":3,"16":2,"17":2,"18":1,"19":1},"f":{"0":1,"1":2,"2":1,"3":2,"4":2},"b":{"0":[1,1],"1":[1,1],"2":[1,1]},"_coverageSchema":"1a1c01bbd47fc00a2c39e90264f33305004495a9","hash":"01d4e65e989798dadd420f10399bfe844dc92b13"}
,"C:\\Users\\LENOVO\\Documents\\Archivo\\Proyecto-E-commerce\\Backend\\services\\productService.js": {"path":"C:\\Users\\LENOVO\\Documents\\Archivo\\Proyecto-E-commerce\\Backend\\services\\productService.js","statementMap":{"0":{"start":{"line":1,"column":16},"end":{"line":1,"column":44}},"1":{"start":{"line":3,"column":0},"end":{"line":5,"column":2}},"2":{"start":{"line":4,"column":4},"end":{"line":4,"column":34}},"3":{"start":{"line":7,"column":0},"end":{"line":11,"column":2}},"4":{"start":{"line":8,"column":20},"end":{"line":8,"column":46}},"5":{"start":{"line":9,"column":4},"end":{"line":9,"column":60}},"6":{"start":{"line":9,"column":18},"end":{"line":9,"column":60}},"7":{"start":{"line":10,"column":4},"end":{"line":10,"column":19}},"8":{"start":{"line":13,"column":0},"end":{"line":16,"column":2}},"9":{"start":{"line":14,"column":23},"end":{"line":14,"column":40}},"10":{"start":{"line":15,"column":4},"end":{"line":15,"column":35}},"11":{"start":{"line":18,"column":0},"end":{"line":22,"column":2}},"12":{"start":{"line":19,"column":20},"end":{"line":19,"column":76}},"13":{"start":{"line":20,"column":4},"end":{"line":20,"column":60}},"14":{"start":{"line":20,"column":18},"end":{"line":20,"column":60}},"15":{"start":{"line":21,"column":4},"end":{"line":21,"column":19}},"16":{"start":{"line":24,"column":0},"end":{"line":28,"column":2}},"17":{"start":{"line":25,"column":20},"end":{"line":25,"column":55}},"18":{"start":{"line":26,"column":4},"end":{"line":26,"column":60}},"19":{"start":{"line":26,"column":18},"end":{"line":26,"column":60}},"20":{"start":{"line":27,"column":4},"end":{"line":27,"column":19}},"21":{"start":{"line":30,"column":0},"end":{"line":32,"column":2}},"22":{"start":{"line":31,"column":4},"end":{"line":31,"column":53}},"23":{"start":{"line":34,"column":0},"end":{"line":46,"column":2}},"24":{"start":{"line":35,"column":27},"end":{"line":35,"column":63}},"25":{"start":{"line":36,"column":4},"end":{"line":45,"column":8}},"26":{"start":{"line":36,"column":36},"end":{"line":45,"column":5}},"27":{"start":{"line":48,"column":0},"end":{"line":73,"column":2}},"28":{"start":{"line":49,"column":4},"end":{"line":51,"column":5}},"29":{"start":{"line":50,"column":8},"end":{"line":50,"column":45}},"30":{"start":{"line":53,"column":20},"end":{"line":53,"column":56}},"31":{"start":{"line":54,"column":4},"end":{"line":56,"column":5}},"32":{"start":{"line":55,"column":8},"end":{"line":55,"column":50}},"33":{"start":{"line":58,"column":4},"end":{"line":60,"column":5}},"34":{"start":{"line":59,"column":8},"end":{"line":59,"column":46}},"35":{"start":{"line":62,"column":4},"end":{"line":62,"column":30}},"36":{"start":{"line":63,"column":4},"end":{"line":63,"column":25}},"37":{"start":{"line":65,"column":23},"end":{"line":65,"column":61}},"38":{"start":{"line":67,"column":4},"end":{"line":72,"column":6}}},"fnMap":{"0":{"name":"(anonymous_0)","decl":{"start":{"line":3,"column":25},"end":{"line":3,"column":26}},"loc":{"start":{"line":3,"column":37},"end":{"line":5,"column":1}},"line":3},"1":{"name":"(anonymous_1)","decl":{"start":{"line":7,"column":25},"end":{"line":7,"column":26}},"loc":{"start":{"line":7,"column":39},"end":{"line":11,"column":1}},"line":7},"2":{"name":"(anonymous_2)","decl":{"start":{"line":13,"column":24},"end":{"line":13,"column":25}},"loc":{"start":{"line":13,"column":40},"end":{"line":16,"column":1}},"line":13},"3":{"name":"(anonymous_3)","decl":{"start":{"line":18,"column":24},"end":{"line":18,"column":25}},"loc":{"start":{"line":18,"column":44},"end":{"line":22,"column":1}},"line":18},"4":{"name":"(anonymous_4)","decl":{"start":{"line":24,"column":24},"end":{"line":24,"column":25}},"loc":{"start":{"line":24,"column":38},"end":{"line":28,"column":1}},"line":24},"5":{"name":"(anonymous_5)","decl":{"start":{"line":30,"column":31},"end":{"line":30,"column":32}},"loc":{"start":{"line":30,"column":43},"end":{"line":32,"column":1}},"line":30},"6":{"name":"(anonymous_6)","decl":{"start":{"line":34,"column":38},"end":{"line":34,"column":39}},"loc":{"start":{"line":34,"column":50},"end":{"line":46,"column":1}},"line":34},"7":{"name":"(anonymous_7)","decl":{"start":{"line":36,"column":30},"end":{"line":36,"column":31}},"loc":{"start":{"line":36,"column":36},"end":{"line":45,"column":5}},"line":36},"8":{"name":"(anonymous_8)","decl":{"start":{"line":48,"column":26},"end":{"line":48,"column":27}},"loc":{"start":{"line":48,"column":57},"end":{"line":73,"column":1}},"line":48}},"branchMap":{"0":{"loc":{"start":{"line":9,"column":4},"end":{"line":9,"column":60}},"type":"if","locations":[{"start":{"line":9,"column":4},"end":{"line":9,"column":60}},{"start":{},"end":{}}],"line":9},"1":{"loc":{"start":{"line":20,"column":4},"end":{"line":20,"column":60}},"type":"if","locations":[{"start":{"line":20,"column":4},"end":{"line":20,"column":60}},{"start":{},"end":{}}],"line":20},"2":{"loc":{"start":{"line":26,"column":4},"end":{"line":26,"column":60}},"type":"if","locations":[{"start":{"line":26,"column":4},"end":{"line":26,"column":60}},{"start":{},"end":{}}],"line":26},"3":{"loc":{"start":{"line":49,"column":4},"end":{"line":51,"column":5}},"type":"if","locations":[{"start":{"line":49,"column":4},"end":{"line":51,"column":5}},{"start":{},"end":{}}],"line":49},"4":{"loc":{"start":{"line":49,"column":8},"end":{"line":49,"column":34}},"type":"binary-expr","locations":[{"start":{"line":49,"column":8},"end":{"line":49,"column":17}},{"start":{"line":49,"column":21},"end":{"line":49,"column":34}}],"line":49},"5":{"loc":{"start":{"line":54,"column":4},"end":{"line":56,"column":5}},"type":"if","locations":[{"start":{"line":54,"column":4},"end":{"line":56,"column":5}},{"start":{},"end":{}}],"line":54},"6":{"loc":{"start":{"line":58,"column":4},"end":{"line":60,"column":5}},"type":"if","locations":[{"start":{"line":58,"column":4},"end":{"line":60,"column":5}},{"start":{},"end":{}}],"line":58}},"s":{"0":3,"1":3,"2":1,"3":3,"4":2,"5":2,"6":1,"7":1,"8":3,"9":1,"10":1,"11":3,"12":2,"13":2,"14":1,"15":1,"16":3,"17":2,"18":2,"19":1,"20":1,"21":3,"22":1,"23":3,"24":2,"25":2,"26":1,"27":3,"28":4,"29":1,"30":3,"31":3,"32":1,"33":2,"34":1,"35":1,"36":1,"37":1,"38":1},"f":{"0":1,"1":2,"2":1,"3":2,"4":2,"5":1,"6":2,"7":1,"8":4},"b":{"0":[1,1],"1":[1,1],"2":[1,1],"3":[1,3],"4":[4,3],"5":[1,2],"6":[1,1]},"_coverageSchema":"1a1c01bbd47fc00a2c39e90264f33305004495a9","hash":"10bd33d8ec4576fd330483fc1374af33db2bda5a"}
,"C:\\Users\\LENOVO\\Documents\\Archivo\\Proyecto-E-commerce\\Backend\\services\\shoppingCartService.js": {"path":"C:\\Users\\LENOVO\\Documents\\Archivo\\Proyecto-E-commerce\\Backend\\services\\shoppingCartService.js","statementMap":{"0":{"start":{"line":1,"column":21},"end":{"line":1,"column":54}},"1":{"start":{"line":4,"column":0},"end":{"line":7,"column":2}},"2":{"start":{"line":5,"column":15},"end":{"line":5,"column":37}},"3":{"start":{"line":6,"column":2},"end":{"line":6,"column":27}},"4":{"start":{"line":9,"column":0},"end":{"line":11,"column":2}},"5":{"start":{"line":10,"column":2},"end":{"line":10,"column":35}},"6":{"start":{"line":13,"column":0},"end":{"line":15,"column":2}},"7":{"start":{"line":14,"column":2},"end":{"line":14,"column":60}},"8":{"start":{"line":17,"column":0},"end":{"line":19,"column":2}},"9":{"start":{"line":18,"column":2},"end":{"line":18,"column":90}},"10":{"start":{"line":21,"column":0},"end":{"line":23,"column":2}},"11":{"start":{"line":22,"column":2},"end":{"line":22,"column":69}},"12":{"start":{"line":25,"column":0},"end":{"line":27,"column":2}},"13":{"start":{"line":26,"column":2},"end":{"line":26,"column":62}}},"fnMap":{"0":{"name":"(anonymous_0)","decl":{"start":{"line":4,"column":29},"end":{"line":4,"column":30}},"loc":{"start":{"line":4,"column":45},"end":{"line":7,"column":1}},"line":4},"1":{"name":"(anonymous_1)","decl":{"start":{"line":9,"column":30},"end":{"line":9,"column":31}},"loc":{"start":{"line":9,"column":42},"end":{"line":11,"column":1}},"line":9},"2":{"name":"(anonymous_2)","decl":{"start":{"line":13,"column":30},"end":{"line":13,"column":31}},"loc":{"start":{"line":13,"column":44},"end":{"line":15,"column":1}},"line":13},"3":{"name":"(anonymous_3)","decl":{"start":{"line":17,"column":29},"end":{"line":17,"column":30}},"loc":{"start":{"line":17,"column":49},"end":{"line":19,"column":1}},"line":17},"4":{"name":"(anonymous_4)","decl":{"start":{"line":21,"column":29},"end":{"line":21,"column":30}},"loc":{"start":{"line":21,"column":43},"end":{"line":23,"column":1}},"line":21},"5":{"name":"(anonymous_5)","decl":{"start":{"line":25,"column":36},"end":{"line":25,"column":37}},"loc":{"start":{"line":25,"column":58},"end":{"line":27,"column":1}},"line":25}},"branchMap":{},"s":{"0":2,"1":2,"2":1,"3":1,"4":2,"5":1,"6":2,"7":1,"8":2,"9":1,"10":2,"11":1,"12":2,"13":1},"f":{"0":1,"1":1,"2":1,"3":1,"4":1,"5":1},"b":{},"_coverageSchema":"1a1c01bbd47fc00a2c39e90264f33305004495a9","hash":"55a7aa45897b9de869ccdbe60314b2a245ec91bb"}
}
