TN:
SF:controllers\categoryController.js
FN:3,(anonymous_0)
FN:12,(anonymous_1)
FN:21,(anonymous_2)
FN:30,(anonymous_3)
FN:39,(anonymous_4)
FNF:5
FNH:5
FNDA:2,(anonymous_0)
FNDA:2,(anonymous_1)
FNDA:2,(anonymous_2)
FNDA:2,(anonymous_3)
FNDA:2,(anonymous_4)
DA:1,1
DA:3,1
DA:4,2
DA:5,2
DA:6,1
DA:8,1
DA:12,1
DA:13,2
DA:14,2
DA:15,1
DA:17,1
DA:21,1
DA:22,2
DA:23,2
DA:24,1
DA:26,1
DA:30,1
DA:31,2
DA:32,2
DA:33,1
DA:35,1
DA:39,1
DA:40,2
DA:41,2
DA:42,1
DA:44,1
LF:26
LH:26
BRF:0
BRH:0
end_of_record
TN:
SF:controllers\customerController.js
FN:4,(anonymous_0)
FN:9,(anonymous_1)
FN:16,(anonymous_2)
FN:21,(anonymous_3)
FN:26,(anonymous_4)
FN:31,(anonymous_5)
FN:51,(anonymous_6)
FNF:7
FNH:7
FNDA:1,(anonymous_0)
FNDA:2,(anonymous_1)
FNDA:1,(anonymous_2)
FNDA:1,(anonymous_3)
FNDA:1,(anonymous_4)
FNDA:3,(anonymous_5)
FNDA:3,(anonymous_6)
DA:1,2
DA:2,2
DA:4,2
DA:5,1
DA:6,1
DA:9,2
DA:10,2
DA:11,2
DA:16,2
DA:17,1
DA:18,1
DA:21,2
DA:22,1
DA:23,1
DA:26,2
DA:27,1
DA:28,1
DA:31,2
DA:32,3
DA:33,3
DA:34,3
DA:40,2
DA:41,1
DA:44,1
DA:46,1
DA:47,1
DA:51,2
DA:52,3
DA:53,3
DA:55,2
DA:56,1
DA:58,1
DA:61,1
DA:62,1
LF:34
LH:34
BRDA:11,0,0,1
BRDA:11,0,1,1
BRDA:40,1,0,1
BRDA:40,1,1,1
BRDA:55,2,0,1
BRDA:55,2,1,1
BRF:6
BRH:6
end_of_record
TN:
SF:controllers\productController.js
FN:3,(anonymous_0)
FN:12,(anonymous_1)
FN:21,(anonymous_2)
FN:30,(anonymous_3)
FN:39,(anonymous_4)
FN:49,(anonymous_5)
FN:58,(anonymous_6)
FN:67,(anonymous_7)
FNF:8
FNH:8
FNDA:2,(anonymous_0)
FNDA:3,(anonymous_1)
FNDA:2,(anonymous_2)
FNDA:2,(anonymous_3)
FNDA:2,(anonymous_4)
FNDA:2,(anonymous_5)
FNDA:2,(anonymous_6)
FNDA:2,(anonymous_7)
DA:1,2
DA:3,2
DA:4,2
DA:5,2
DA:6,1
DA:8,1
DA:12,2
DA:13,3
DA:14,3
DA:15,1
DA:17,2
DA:21,2
DA:22,2
DA:23,2
DA:24,1
DA:26,1
DA:30,2
DA:31,2
DA:32,2
DA:33,1
DA:35,1
DA:39,2
DA:40,2
DA:41,2
DA:42,1
DA:44,1
DA:49,2
DA:50,2
DA:51,2
DA:52,1
DA:54,1
DA:58,2
DA:59,2
DA:60,2
DA:61,1
DA:63,1
DA:67,2
DA:68,2
DA:69,2
DA:70,2
DA:71,2
DA:72,1
DA:74,1
LF:43
LH:43
BRF:0
BRH:0
end_of_record
TN:
SF:controllers\shoppingCartController.js
FN:4,(anonymous_0)
FN:13,(anonymous_1)
FN:18,(anonymous_2)
FN:24,(anonymous_3)
FN:30,(anonymous_4)
FN:36,(anonymous_5)
FNF:6
FNH:6
FNDA:6,(anonymous_0)
FNDA:3,(anonymous_1)
FNDA:2,(anonymous_2)
FNDA:4,(anonymous_3)
FNDA:2,(anonymous_4)
FNDA:2,(anonymous_5)
DA:1,1
DA:4,1
DA:5,6
DA:6,6
DA:7,3
DA:9,3
DA:13,1
DA:14,3
DA:15,3
DA:18,1
DA:19,2
DA:20,2
DA:21,1
DA:24,1
DA:25,4
DA:26,4
DA:27,3
DA:30,1
DA:31,2
DA:32,2
DA:33,1
DA:36,1
DA:37,2
DA:38,2
DA:39,2
DA:40,1
LF:26
LH:26
BRDA:20,0,0,1
BRDA:20,0,1,1
BRDA:26,1,0,1
BRDA:26,1,1,3
BRDA:32,2,0,1
BRDA:32,2,1,1
BRDA:39,3,0,1
BRDA:39,3,1,1
BRF:8
BRH:8
end_of_record
TN:
SF:middlewares\basicAuth.js
FN:3,(anonymous_0)
FNF:1
FNH:1
FNDA:3,(anonymous_0)
DA:1,1
DA:3,1
DA:4,3
DA:6,3
DA:7,1
DA:8,1
DA:11,2
DA:15,2
DA:16,2
DA:18,2
DA:19,2
DA:21,2
DA:22,1
DA:24,1
DA:25,1
DA:29,1
LF:16
LH:16
BRDA:6,0,0,1
BRDA:6,0,1,2
BRDA:21,1,0,1
BRDA:21,1,1,1
BRDA:21,2,0,2
BRDA:21,2,1,1
BRF:6
BRH:6
end_of_record
TN:
SF:middlewares\errorHandler.js
FN:1,(anonymous_0)
FNF:1
FNH:1
FNDA:5,(anonymous_0)
DA:1,1
DA:2,5
DA:4,5
DA:6,5
DA:13,1
LF:5
LH:5
BRDA:2,0,0,5
BRDA:2,0,1,1
BRDA:4,1,0,1
BRDA:4,1,1,4
BRDA:4,2,0,5
BRDA:4,2,1,4
BRDA:8,3,0,5
BRDA:8,3,1,1
BRDA:9,4,0,1
BRDA:9,4,1,4
BRF:10
BRH:10
end_of_record
TN:
SF:models\category.js
FNF:0
FNH:0
DA:1,2
DA:3,2
DA:11,2
LF:3
LH:3
BRF:0
BRH:0
end_of_record
TN:
SF:models\customer.js
FN:21,(anonymous_0)
FN:33,(anonymous_1)
FNF:2
FNH:2
FNDA:3,(anonymous_0)
FNDA:1,(anonymous_1)
DA:1,5
DA:2,5
DA:4,5
DA:21,5
DA:22,3
DA:24,2
DA:25,2
DA:26,1
DA:27,1
DA:29,1
DA:33,5
DA:34,1
DA:37,5
DA:38,5
LF:14
LH:14
BRDA:22,0,0,1
BRDA:22,0,1,2
BRF:2
BRH:2
end_of_record
TN:
SF:models\product.js
FNF:0
FNH:0
DA:1,3
DA:3,3
DA:17,3
LF:3
LH:3
BRF:0
BRH:0
end_of_record
TN:
SF:models\shoppingCart.js
FNF:0
FNH:0
DA:1,2
DA:2,2
DA:4,2
DA:6,2
DA:29,2
DA:30,2
LF:6
LH:6
BRF:0
BRH:0
end_of_record
TN:
SF:routes\categoryRoutes.js
FNF:0
FNH:0
DA:1,1
DA:2,1
DA:3,1
DA:5,1
DA:6,1
DA:7,1
DA:8,1
DA:9,1
DA:11,1
LF:9
LH:9
BRF:0
BRH:0
end_of_record
TN:
SF:routes\customerRoutes.js
FNF:0
FNH:0
DA:1,1
DA:2,1
DA:3,1
DA:4,1
DA:5,1
DA:7,1
DA:8,1
DA:9,1
DA:10,1
DA:11,1
DA:12,1
DA:13,1
DA:15,1
LF:13
LH:13
BRF:0
BRH:0
end_of_record
TN:
SF:routes\productRoutes.js
FNF:0
FNH:0
DA:1,1
DA:2,1
DA:3,1
DA:6,1
DA:7,1
DA:8,1
DA:10,1
DA:11,1
DA:12,1
DA:13,1
DA:14,1
DA:17,1
LF:12
LH:12
BRF:0
BRH:0
end_of_record
TN:
SF:routes\shoppingCartRoutes.js
FNF:0
FNH:0
DA:1,1
DA:2,1
DA:3,1
DA:5,1
DA:6,1
DA:7,1
DA:8,1
DA:9,1
DA:10,1
DA:12,1
LF:10
LH:10
BRF:0
BRH:0
end_of_record
TN:
SF:services\categoryService.js
FN:3,(anonymous_0)
FN:5,(anonymous_1)
FN:11,(anonymous_2)
FN:16,(anonymous_3)
FN:22,(anonymous_4)
FNF:5
FNH:5
FNDA:1,(anonymous_0)
FNDA:2,(anonymous_1)
FNDA:1,(anonymous_2)
FNDA:2,(anonymous_3)
FNDA:2,(anonymous_4)
DA:1,2
DA:3,2
DA:5,2
DA:6,2
DA:7,2
DA:8,1
DA:11,2
DA:12,1
DA:13,1
DA:16,2
DA:17,2
DA:18,2
DA:19,1
DA:22,2
DA:23,2
DA:24,2
DA:25,1
LF:17
LH:17
BRDA:7,0,0,1
BRDA:7,0,1,1
BRDA:18,1,0,1
BRDA:18,1,1,1
BRDA:24,2,0,1
BRDA:24,2,1,1
BRF:6
BRH:6
end_of_record
TN:
SF:services\customerService.js
FN:3,(anonymous_0)
FN:5,(anonymous_1)
FN:11,(anonymous_2)
FN:13,(anonymous_3)
FN:19,(anonymous_4)
FNF:5
FNH:5
FNDA:1,(anonymous_0)
FNDA:2,(anonymous_1)
FNDA:1,(anonymous_2)
FNDA:2,(anonymous_3)
FNDA:2,(anonymous_4)
DA:1,3
DA:3,3
DA:5,3
DA:6,2
DA:7,2
DA:8,1
DA:11,3
DA:13,3
DA:14,2
DA:15,2
DA:16,1
DA:19,3
DA:20,2
DA:21,2
DA:22,1
LF:15
LH:15
BRDA:7,0,0,1
BRDA:7,0,1,1
BRDA:15,1,0,1
BRDA:15,1,1,1
BRDA:21,2,0,1
BRDA:21,2,1,1
BRF:6
BRH:6
end_of_record
TN:
SF:services\productService.js
FN:3,(anonymous_0)
FN:7,(anonymous_1)
FN:13,(anonymous_2)
FN:18,(anonymous_3)
FN:24,(anonymous_4)
FN:30,(anonymous_5)
FN:34,(anonymous_6)
FN:36,(anonymous_7)
FN:48,(anonymous_8)
FNF:9
FNH:9
FNDA:1,(anonymous_0)
FNDA:2,(anonymous_1)
FNDA:1,(anonymous_2)
FNDA:2,(anonymous_3)
FNDA:2,(anonymous_4)
FNDA:1,(anonymous_5)
FNDA:2,(anonymous_6)
FNDA:1,(anonymous_7)
FNDA:4,(anonymous_8)
DA:1,3
DA:3,3
DA:4,1
DA:7,3
DA:8,2
DA:9,2
DA:10,1
DA:13,3
DA:14,1
DA:15,1
DA:18,3
DA:19,2
DA:20,2
DA:21,1
DA:24,3
DA:25,2
DA:26,2
DA:27,1
DA:30,3
DA:31,1
DA:34,3
DA:35,2
DA:36,2
DA:48,3
DA:49,4
DA:50,1
DA:53,3
DA:54,3
DA:55,1
DA:58,2
DA:59,1
DA:62,1
DA:63,1
DA:65,1
DA:67,1
LF:35
LH:35
BRDA:9,0,0,1
BRDA:9,0,1,1
BRDA:20,1,0,1
BRDA:20,1,1,1
BRDA:26,2,0,1
BRDA:26,2,1,1
BRDA:49,3,0,1
BRDA:49,3,1,3
BRDA:49,4,0,4
BRDA:49,4,1,3
BRDA:54,5,0,1
BRDA:54,5,1,2
BRDA:58,6,0,1
BRDA:58,6,1,1
BRF:14
BRH:14
end_of_record
TN:
SF:services\shoppingCartService.js
FN:4,(anonymous_0)
FN:9,(anonymous_1)
FN:13,(anonymous_2)
FN:17,(anonymous_3)
FN:21,(anonymous_4)
FN:25,(anonymous_5)
FNF:6
FNH:6
FNDA:1,(anonymous_0)
FNDA:1,(anonymous_1)
FNDA:1,(anonymous_2)
FNDA:1,(anonymous_3)
FNDA:1,(anonymous_4)
FNDA:1,(anonymous_5)
DA:1,2
DA:4,2
DA:5,1
DA:6,1
DA:9,2
DA:10,1
DA:13,2
DA:14,1
DA:17,2
DA:18,1
DA:21,2
DA:22,1
DA:25,2
DA:26,1
LF:14
LH:14
BRF:0
BRH:0
end_of_record
